<?xml version="1.0" encoding="UTF-8"?>
<testsuite xmlns:xsi="http://www.w3.org/2001/XMLSchema-instance" xsi:noNamespaceSchemaLocation="https://maven.apache.org/surefire/maven-surefire-plugin/xsd/surefire-test-report-3.0.xsd" version="3.0" name="TestSuite" time="87.698" tests="1" errors="0" skipped="0" failures="1">
  <properties>
[...]
</properties>
  <testcase name="runScenario[&quot;Successfully hire a candidate through the recruitment workflow&quot;, &quot;End-to-End Hiring Process&quot;](1)" classname="runners.TestRunner" time="86.218">
    <failure message="Expected condition failed: waiting for visibility of Proxy element for: DefaultElementLocator &apos;By.xpath: //form//div[contains(@class, &apos;oxd-input-group&apos;)][normalize-space()=&apos;Employee Id&apos;]//input&apos; (tried for 30 second(s) with 500 milliseconds interval)" type="org.openqa.selenium.TimeoutException"><![CDATA[org.openqa.selenium.TimeoutException: Expected condition failed: waiting for visibility of Proxy element for: DefaultElementLocator 'By.xpath: //form//div[contains(@class, 'oxd-input-group')][normalize-space()='Employee Id']//input' (tried for 30 second(s) with 500 milliseconds interval)
	at org.openqa.selenium.support.ui.WebDriverWait.timeoutException(WebDriverWait.java:84)
	at org.openqa.selenium.support.ui.FluentWait.until(FluentWait.java:228)
	at utils.DriverFactory.getAttribute(DriverFactory.java:141)
	at pages.PimAddEmployeePage.getEmployeeId(PimAddEmployeePage.java:35)
	at stepDefinitions.PimEmployeeSetupSteps.createEmployee(PimEmployeeSetupSteps.java:41)
	at ✽.the admin creates an employee(file:///C:/Users/perci/OneDrive/Documents/personal_projects/portfolio/qa-portfolio/01_Web_Automation/./src/test/resources/features/hiring_process.feature:8)
Caused by: org.openqa.selenium.NoSuchElementException: Unable to locate element: //form//div[contains(@class, 'oxd-input-group')][normalize-space()='Employee Id']//input
For documentation on this error, please visit: https://www.selenium.dev/documentation/webdriver/troubleshooting/errors#nosuchelementexception
Build info: version: '4.38.0', revision: '6b412e825c*'
System info: os.name: 'Windows 11', os.arch: 'amd64', os.version: '10.0', java.version: '17.0.10'
Driver info: org.openqa.selenium.firefox.FirefoxDriver
Command: [d1237d1b-cffa-4e72-adcf-24d2f32f40c1, findElement {using=xpath, value=//form//div[contains(@class, 'oxd-input-group')][normalize-space()='Employee Id']//input}]
Capabilities {acceptInsecureCerts: true, browserName: firefox, browserVersion: 147.0.3, moz:accessibilityChecks: false, moz:buildID: 20260203002554, moz:geckodriverVersion: 0.36.0, moz:headless: false, moz:platformVersion: 10.0, moz:processID: 17728, moz:profile: C:\Users\perci\AppData\Loca..., moz:shutdownTimeout: 60000, moz:webdriverClick: true, moz:windowless: false, pageLoadStrategy: normal, platformName: windows, proxy: Proxy(), setWindowRect: true, strictFileInteractability: false, timeouts: {implicit: 0, pageLoad: 300000, script: 30000}, unhandledPromptBehavior: dismiss and notify, userAgent: Mozilla/5.0 (Windows NT 10....}
Session ID: d1237d1b-cffa-4e72-adcf-24d2f32f40c1
	at jdk.internal.reflect.GeneratedConstructorAccessor15.newInstance(Unknown Source)
	at java.base/jdk.internal.reflect.DelegatingConstructorAccessorImpl.newInstance(DelegatingConstructorAccessorImpl.java:45)
	at java.base/java.lang.reflect.Constructor.newInstanceWithCaller(Constructor.java:499)
	at java.base/java.lang.reflect.Constructor.newInstance(Constructor.java:480)
	at org.openqa.selenium.remote.ErrorCodec.decode(ErrorCodec.java:167)
	at org.openqa.selenium.remote.codec.w3c.W3CHttpResponseCodec.decode(W3CHttpResponseCodec.java:138)
	at org.openqa.selenium.remote.codec.w3c.W3CHttpResponseCodec.decode(W3CHttpResponseCodec.java:50)
	at org.openqa.selenium.remote.HttpCommandExecutor.execute(HttpCommandExecutor.java:215)
	at org.openqa.selenium.remote.service.DriverCommandExecutor.invokeExecute(DriverCommandExecutor.java:216)
	at org.openqa.selenium.remote.service.DriverCommandExecutor.execute(DriverCommandExecutor.java:174)
	at org.openqa.selenium.remote.RemoteWebDriver.execute(RemoteWebDriver.java:557)
	at org.openqa.selenium.remote.ElementLocation$ElementFinder$2.findElement(ElementLocation.java:165)
	at org.openqa.selenium.remote.ElementLocation.findElement(ElementLocation.java:59)
	at org.openqa.selenium.remote.RemoteWebDriver.findElement(RemoteWebDriver.java:380)
	at org.openqa.selenium.remote.RemoteWebDriver.findElement(RemoteWebDriver.java:374)
	at org.openqa.selenium.support.pagefactory.DefaultElementLocator.findElement(DefaultElementLocator.java:68)
	at org.openqa.selenium.support.pagefactory.internal.LocatingElementHandler.invoke(LocatingElementHandler.java:38)
	at jdk.proxy2/jdk.proxy2.$Proxy24.isDisplayed(Unknown Source)
	at org.openqa.selenium.support.ui.ExpectedConditions.elementIfVisible(ExpectedConditions.java:308)
	at org.openqa.selenium.support.ui.ExpectedConditions$10.apply(ExpectedConditions.java:294)
	at org.openqa.selenium.support.ui.ExpectedConditions$10.apply(ExpectedConditions.java:291)
	at org.openqa.selenium.support.ui.FluentWait.until(FluentWait.java:203)
	... 4 more
]]></failure>
    <system-out><![CDATA[
@e2e @hiring @happy-path
&amp#27;[1mScenario:&amp#27;[22m Successfully hire a candidate through the recruitment workflow    &amp#27;[90m# ./src/test/resources/features/hiring_process.feature:14&amp#27;[39m
Test run Reference: 783221
Base Path: C:\Users\perci\OneDrive\Documents\personal_projects\portfolio\qa-portfolio\01_Web_Automation
Browser: firefox
Driver: FirefoxDriver: firefox on windows (d1237d1b-cffa-4e72-adcf-24d2f32f40c1)
  &amp#27;[32mâœ”&amp#27;[39m &amp#27;[32m&amp#27;[1mGiven &amp#27;[22mthe admin user is logged into the system&amp#27;[39m                          &amp#27;[90m# stepDefinitions.LoginSteps.adminUserIsLoggedIn()&amp#27;[39m
  &amp#27;[31mâœ˜&amp#27;[39m &amp#27;[31m&amp#27;[1mAnd &amp#27;[22mthe admin creates an employee&amp#27;[39m                                       &amp#27;[90m# stepDefinitions.PimEmployeeSetupSteps.createEmployee()&amp#27;[39m
        &amp#27;[31morg.openqa.selenium.TimeoutException: Expected condition failed: waiting for visibility of Proxy element for: DefaultElementLocator 'By.xpath: //form//div[contains(@class, 'oxd-input-group')][normalize-space()='Employee Id']//input' (tried for 30 second(s) with 500 milliseconds interval)&amp#27;[39m
        &amp#27;[31m	at org.openqa.selenium.support.ui.WebDriverWait.timeoutException(WebDriverWait.java:84)&amp#27;[39m
        &amp#27;[31m	at org.openqa.selenium.support.ui.FluentWait.until(FluentWait.java:228)&amp#27;[39m
        &amp#27;[31m	at utils.DriverFactory.getAttribute(DriverFactory.java:141)&amp#27;[39m
        &amp#27;[31m	at pages.PimAddEmployeePage.getEmployeeId(PimAddEmployeePage.java:35)&amp#27;[39m
        &amp#27;[31m	at stepDefinitions.PimEmployeeSetupSteps.createEmployee(PimEmployeeSetupSteps.java:41)&amp#27;[39m
        &amp#27;[31m	at âœ½.the admin creates an employee(file:///C:/Users/perci/OneDrive/Documents/personal_projects/portfolio/qa-portfolio/01_Web_Automation/./src/test/resources/features/hiring_process.feature:8)&amp#27;[39m
        &amp#27;[31mCaused by: org.openqa.selenium.NoSuchElementException: Unable to locate element: //form//div[contains(@class, 'oxd-input-group')][normalize-space()='Employee Id']//input&amp#27;[39m
        &amp#27;[31mFor documentation on this error, please visit: https://www.selenium.dev/documentation/webdriver/troubleshooting/errors#nosuchelementexception&amp#27;[39m
        &amp#27;[31mBuild info: version: '4.38.0', revision: '6b412e825c*'&amp#27;[39m
        &amp#27;[31mSystem info: os.name: 'Windows 11', os.arch: 'amd64', os.version: '10.0', java.version: '17.0.10'&amp#27;[39m
        &amp#27;[31mDriver info: org.openqa.selenium.firefox.FirefoxDriver&amp#27;[39m
        &amp#27;[31mCommand: [d1237d1b-cffa-4e72-adcf-24d2f32f40c1, findElement {using=xpath, value=//form//div[contains(@class, 'oxd-input-group')][normalize-space()='Employee Id']//input}]&amp#27;[39m
        &amp#27;[31mCapabilities {acceptInsecureCerts: true, browserName: firefox, browserVersion: 147.0.3, moz:accessibilityChecks: false, moz:buildID: 20260203002554, moz:geckodriverVersion: 0.36.0, moz:headless: false, moz:platformVersion: 10.0, moz:processID: 17728, moz:profile: C:\Users\perci\AppData\Loca..., moz:shutdownTimeout: 60000, moz:webdriverClick: true, moz:windowless: false, pageLoadStrategy: normal, platformName: windows, proxy: Proxy(), setWindowRect: true, strictFileInteractability: false, timeouts: {implicit: 0, pageLoad: 300000, script: 30000}, unhandledPromptBehavior: dismiss and notify, userAgent: Mozilla/5.0 (Windows NT 10....}&amp#27;[39m
        &amp#27;[31mSession ID: d1237d1b-cffa-4e72-adcf-24d2f32f40c1&amp#27;[39m
        &amp#27;[31m	at jdk.internal.reflect.GeneratedConstructorAccessor15.newInstance(Unknown Source)&amp#27;[39m
        &amp#27;[31m	at java.base/jdk.internal.reflect.DelegatingConstructorAccessorImpl.newInstance(DelegatingConstructorAccessorImpl.java:45)&amp#27;[39m
        &amp#27;[31m	at java.base/java.lang.reflect.Constructor.newInstanceWithCaller(Constructor.java:499)&amp#27;[39m
        &amp#27;[31m	at java.base/java.lang.reflect.Constructor.newInstance(Constructor.java:480)&amp#27;[39m
        &amp#27;[31m	at org.openqa.selenium.remote.ErrorCodec.decode(ErrorCodec.java:167)&amp#27;[39m
        &amp#27;[31m	at org.openqa.selenium.remote.codec.w3c.W3CHttpResponseCodec.decode(W3CHttpResponseCodec.java:138)&amp#27;[39m
        &amp#27;[31m	at org.openqa.selenium.remote.codec.w3c.W3CHttpResponseCodec.decode(W3CHttpResponseCodec.java:50)&amp#27;[39m
        &amp#27;[31m	at org.openqa.selenium.remote.HttpCommandExecutor.execute(HttpCommandExecutor.java:215)&amp#27;[39m
        &amp#27;[31m	at org.openqa.selenium.remote.service.DriverCommandExecutor.invokeExecute(DriverCommandExecutor.java:216)&amp#27;[39m
        &amp#27;[31m	at org.openqa.selenium.remote.service.DriverCommandExecutor.execute(DriverCommandExecutor.java:174)&amp#27;[39m
        &amp#27;[31m	at org.openqa.selenium.remote.RemoteWebDriver.execute(RemoteWebDriver.java:557)&amp#27;[39m
        &amp#27;[31m	at org.openqa.selenium.remote.ElementLocation$ElementFinder$2.findElement(ElementLocation.java:165)&amp#27;[39m
        &amp#27;[31m	at org.openqa.selenium.remote.ElementLocation.findElement(ElementLocation.java:59)&amp#27;[39m
        &amp#27;[31m	at org.openqa.selenium.remote.RemoteWebDriver.findElement(RemoteWebDriver.java:380)&amp#27;[39m
        &amp#27;[31m	at org.openqa.selenium.remote.RemoteWebDriver.findElement(RemoteWebDriver.java:374)&amp#27;[39m
        &amp#27;[31m	at org.openqa.selenium.support.pagefactory.DefaultElementLocator.findElement(DefaultElementLocator.java:68)&amp#27;[39m
        &amp#27;[31m	at org.openqa.selenium.support.pagefactory.internal.LocatingElementHandler.invoke(LocatingElementHandler.java:38)&amp#27;[39m
        &amp#27;[31m	at jdk.proxy2/jdk.proxy2.$Proxy24.isDisplayed(Unknown Source)&amp#27;[39m
        &amp#27;[31m	at org.openqa.selenium.support.ui.ExpectedConditions.elementIfVisible(ExpectedConditions.java:308)&amp#27;[39m
        &amp#27;[31m	at org.openqa.selenium.support.ui.ExpectedConditions$10.apply(ExpectedConditions.java:294)&amp#27;[39m
        &amp#27;[31m	at org.openqa.selenium.support.ui.ExpectedConditions$10.apply(ExpectedConditions.java:291)&amp#27;[39m
        &amp#27;[31m	at org.openqa.selenium.support.ui.FluentWait.until(FluentWait.java:203)&amp#27;[39m
        &amp#27;[31m	... 4 more&amp#27;[39m
  &amp#27;[36mâ†·&amp#27;[39m &amp#27;[36m&amp#27;[1mAnd &amp#27;[22mthe admin creates a admin user&amp#27;[39m                                      &amp#27;[90m# stepDefinitions.AdminUserSteps.createAdminUser()&amp#27;[39m
  &amp#27;[36mâ†·&amp#27;[39m &amp#27;[36m&amp#27;[1mAnd &amp#27;[22mthe user logs out&amp#27;[39m                                                   &amp#27;[90m# stepDefinitions.LogoutSteps.logout()&amp#27;[39m
  &amp#27;[36mâ†·&amp#27;[39m &amp#27;[36m&amp#27;[1mThen &amp#27;[22mthe created admin user is logged into the system&amp#27;[39m                   &amp#27;[90m# stepDefinitions.LoginSteps.createdAdminUserIsLoggedIn()&amp#27;[39m
  &amp#27;[36mâ†·&amp#27;[39m &amp#27;[36m&amp#27;[1mWhen &amp#27;[22mthe admin creates a job title&amp#27;[39m                                      &amp#27;[90m# stepDefinitions.AdminJobSetupSteps.createJobTitle()&amp#27;[39m
  &amp#27;[36mâ†·&amp#27;[39m &amp#27;[36m&amp#27;[1mAnd &amp#27;[22mthe admin creates a vacancy&amp#27;[39m                                         &amp#27;[90m# stepDefinitions.VacancySteps.createVacancy()&amp#27;[39m
  &amp#27;[36mâ†·&amp#27;[39m &amp#27;[36m&amp#27;[1mAnd &amp#27;[22mthe admin adds a candidate&amp#27;[39m                                          &amp#27;[90m# stepDefinitions.CandidateSteps.addCandidate()&amp#27;[39m
  &amp#27;[36mâ†·&amp#27;[39m &amp#27;[36m&amp#27;[1mThen &amp#27;[22mthe candidate application status should be &amp#27;[1m"Application Initiated"&amp#27;[22m&amp#27;[39m &amp#27;[90m# stepDefinitions.CandidateStatusSteps.candidateApplicationStatus(java.lang.String)&amp#27;[39m
  &amp#27;[36mâ†·&amp#27;[39m &amp#27;[36m&amp#27;[1mWhen &amp#27;[22mthe candidate is shortlisted&amp#27;[39m                                       &amp#27;[90m# stepDefinitions.CandidateLifecycleSteps.shortlistCandidate()&amp#27;[39m
  &amp#27;[36mâ†·&amp#27;[39m &amp#27;[36m&amp#27;[1mThen &amp#27;[22mthe candidate application status should be &amp#27;[1m"Shortlisted"&amp#27;[22m&amp#27;[39m           &amp#27;[90m# stepDefinitions.CandidateStatusSteps.candidateApplicationStatus(java.lang.String)&amp#27;[39m
  &amp#27;[36mâ†·&amp#27;[39m &amp#27;[36m&amp#27;[1mWhen &amp#27;[22mthe interview is scheduled for the candidate&amp#27;[39m                       &amp#27;[90m# stepDefinitions.CandidateLifecycleSteps.scheduleInterview()&amp#27;[39m
  &amp#27;[36mâ†·&amp#27;[39m &amp#27;[36m&amp#27;[1mThen &amp#27;[22mthe candidate application status should be &amp#27;[1m"Interview Scheduled"&amp#27;[22m&amp#27;[39m   &amp#27;[90m# stepDefinitions.CandidateStatusSteps.candidateApplicationStatus(java.lang.String)&amp#27;[39m
  &amp#27;[36mâ†·&amp#27;[39m &amp#27;[36m&amp#27;[1mWhen &amp#27;[22mthe interview is marked as passed&amp#27;[39m                                  &amp#27;[90m# stepDefinitions.CandidateLifecycleSteps.markInterviewPassed()&amp#27;[39m
  &amp#27;[36mâ†·&amp#27;[39m &amp#27;[36m&amp#27;[1mThen &amp#27;[22mthe candidate application status should be &amp#27;[1m"Interview Passed"&amp#27;[22m&amp#27;[39m      &amp#27;[90m# stepDefinitions.CandidateStatusSteps.candidateApplicationStatus(java.lang.String)&amp#27;[39m
  &amp#27;[36mâ†·&amp#27;[39m &amp#27;[36m&amp#27;[1mWhen &amp#27;[22mthe job is offered to the candidate&amp#27;[39m                                &amp#27;[90m# stepDefinitions.CandidateLifecycleSteps.offerJob()&amp#27;[39m
  &amp#27;[36mâ†·&amp#27;[39m &amp#27;[36m&amp#27;[1mThen &amp#27;[22mthe candidate application status should be &amp#27;[1m"Job Offered"&amp#27;[22m&amp#27;[39m           &amp#27;[90m# stepDefinitions.CandidateStatusSteps.candidateApplicationStatus(java.lang.String)&amp#27;[39m
  &amp#27;[36mâ†·&amp#27;[39m &amp#27;[36m&amp#27;[1mWhen &amp#27;[22mthe candidate is hired&amp#27;[39m                                             &amp#27;[90m# stepDefinitions.CandidateLifecycleSteps.hireCandidate()&amp#27;[39m
  &amp#27;[36mâ†·&amp#27;[39m &amp#27;[36m&amp#27;[1mThen &amp#27;[22mthe candidate application status should be &amp#27;[1m"Hired"&amp#27;[22m&amp#27;[39m                 &amp#27;[90m# stepDefinitions.CandidateStatusSteps.candidateApplicationStatus(java.lang.String)&amp#27;[39m
  &amp#27;[36mâ†·&amp#27;[39m &amp#27;[36m&amp#27;[1mAnd &amp#27;[22mthe user logs out&amp#27;[39m                                                   &amp#27;[90m# stepDefinitions.LogoutSteps.logout()&amp#27;[39m
]]></system-out>
    <system-err><![CDATA[SLF4J(W): No SLF4J providers were found.
SLF4J(W): Defaulting to no-operation (NOP) logger implementation
SLF4J(W): See https://www.slf4j.org/codes.html#noProviders for further details.
]]></system-err>
  </testcase>
</testsuite>