<?xml version="1.0" encoding="UTF-8"?>
<testsuite xmlns:xsi="http://www.w3.org/2001/XMLSchema-instance" xsi:noNamespaceSchemaLocation="https://maven.apache.org/surefire/maven-surefire-plugin/xsd/surefire-test-report-3.0.xsd" version="3.0" name="TestSuite" time="29.449" tests="1" errors="0" skipped="0" failures="1">
  <properties>
    <property name="java.specification.version" value="17"/>
    <property name="sun.cpu.isalist" value="amd64"/>
    <property name="sun.jnu.encoding" value="Cp1252"/>
    <property name="java.class.path" value="C:\Users\perci\OneDrive\Documents\personal_projects\portfolio\qa-portfolio\01_Web_Automation\target\test-classes;C:\Users\perci\OneDrive\Documents\personal_projects\portfolio\qa-portfolio\01_Web_Automation\target\classes;C:\Users\perci\.m2\repository\org\seleniumhq\selenium\selenium-java\4.38.0\selenium-java-4.38.0.jar;C:\Users\perci\.m2\repository\org\seleniumhq\selenium\selenium-api\4.38.0\selenium-api-4.38.0.jar;C:\Users\perci\.m2\repository\org\jspecify\jspecify\1.0.0\jspecify-1.0.0.jar;C:\Users\perci\.m2\repository\org\seleniumhq\selenium\selenium-chrome-driver\4.38.0\selenium-chrome-driver-4.38.0.jar;C:\Users\perci\.m2\repository\com\google\auto\service\auto-service-annotations\1.1.1\auto-service-annotations-1.1.1.jar;C:\Users\perci\.m2\repository\org\seleniumhq\selenium\selenium-chromium-driver\4.38.0\selenium-chromium-driver-4.38.0.jar;C:\Users\perci\.m2\repository\org\seleniumhq\selenium\selenium-json\4.38.0\selenium-json-4.38.0.jar;C:\Users\perci\.m2\repository\org\seleniumhq\selenium\selenium-manager\4.38.0\selenium-manager-4.38.0.jar;C:\Users\perci\.m2\repository\org\seleniumhq\selenium\selenium-devtools-v140\4.38.0\selenium-devtools-v140-4.38.0.jar;C:\Users\perci\.m2\repository\org\seleniumhq\selenium\selenium-devtools-v141\4.38.0\selenium-devtools-v141-4.38.0.jar;C:\Users\perci\.m2\repository\org\seleniumhq\selenium\selenium-devtools-v142\4.38.0\selenium-devtools-v142-4.38.0.jar;C:\Users\perci\.m2\repository\org\seleniumhq\selenium\selenium-edge-driver\4.38.0\selenium-edge-driver-4.38.0.jar;C:\Users\perci\.m2\repository\org\seleniumhq\selenium\selenium-firefox-driver\4.38.0\selenium-firefox-driver-4.38.0.jar;C:\Users\perci\.m2\repository\org\seleniumhq\selenium\selenium-http\4.38.0\selenium-http-4.38.0.jar;C:\Users\perci\.m2\repository\org\seleniumhq\selenium\selenium-ie-driver\4.38.0\selenium-ie-driver-4.38.0.jar;C:\Users\perci\.m2\repository\org\seleniumhq\selenium\selenium-remote-driver\4.38.0\selenium-remote-driver-4.38.0.jar;C:\Users\perci\.m2\repository\com\google\guava\guava\33.5.0-jre\guava-33.5.0-jre.jar;C:\Users\perci\.m2\repository\com\google\guava\failureaccess\1.0.3\failureaccess-1.0.3.jar;C:\Users\perci\.m2\repository\com\google\guava\listenablefuture\9999.0-empty-to-avoid-conflict-with-guava\listenablefuture-9999.0-empty-to-avoid-conflict-with-guava.jar;C:\Users\perci\.m2\repository\com\google\j2objc\j2objc-annotations\3.1\j2objc-annotations-3.1.jar;C:\Users\perci\.m2\repository\io\opentelemetry\opentelemetry-api\1.55.0\opentelemetry-api-1.55.0.jar;C:\Users\perci\.m2\repository\io\opentelemetry\opentelemetry-context\1.55.0\opentelemetry-context-1.55.0.jar;C:\Users\perci\.m2\repository\io\opentelemetry\opentelemetry-common\1.55.0\opentelemetry-common-1.55.0.jar;C:\Users\perci\.m2\repository\io\opentelemetry\opentelemetry-exporter-logging\1.55.0\opentelemetry-exporter-logging-1.55.0.jar;C:\Users\perci\.m2\repository\io\opentelemetry\opentelemetry-sdk-common\1.55.0\opentelemetry-sdk-common-1.55.0.jar;C:\Users\perci\.m2\repository\io\opentelemetry\opentelemetry-sdk-extension-autoconfigure-spi\1.55.0\opentelemetry-sdk-extension-autoconfigure-spi-1.55.0.jar;C:\Users\perci\.m2\repository\io\opentelemetry\opentelemetry-sdk-extension-autoconfigure\1.55.0\opentelemetry-sdk-extension-autoconfigure-1.55.0.jar;C:\Users\perci\.m2\repository\io\opentelemetry\opentelemetry-sdk-trace\1.55.0\opentelemetry-sdk-trace-1.55.0.jar;C:\Users\perci\.m2\repository\io\opentelemetry\opentelemetry-sdk\1.55.0\opentelemetry-sdk-1.55.0.jar;C:\Users\perci\.m2\repository\io\opentelemetry\opentelemetry-sdk-metrics\1.55.0\opentelemetry-sdk-metrics-1.55.0.jar;C:\Users\perci\.m2\repository\io\opentelemetry\opentelemetry-sdk-logs\1.55.0\opentelemetry-sdk-logs-1.55.0.jar;C:\Users\perci\.m2\repository\net\bytebuddy\byte-buddy\1.17.8\byte-buddy-1.17.8.jar;C:\Users\perci\.m2\repository\org\seleniumhq\selenium\selenium-os\4.38.0\selenium-os-4.38.0.jar;C:\Users\perci\.m2\repository\org\apache\commons\commons-exec\1.5.0\commons-exec-1.5.0.jar;C:\Users\perci\.m2\repository\org\seleniumhq\selenium\selenium-safari-driver\4.38.0\selenium-safari-driver-4.38.0.jar;C:\Users\perci\.m2\repository\org\seleniumhq\selenium\selenium-support\4.38.0\selenium-support-4.38.0.jar;C:\Users\perci\.m2\repository\org\testng\testng\7.11.0\testng-7.11.0.jar;C:\Users\perci\.m2\repository\org\slf4j\slf4j-api\2.0.16\slf4j-api-2.0.16.jar;C:\Users\perci\.m2\repository\org\jcommander\jcommander\1.83\jcommander-1.83.jar;C:\Users\perci\.m2\repository\org\webjars\jquery\3.7.1\jquery-3.7.1.jar;C:\Users\perci\.m2\repository\io\cucumber\cucumber-java\7.31.0\cucumber-java-7.31.0.jar;C:\Users\perci\.m2\repository\io\cucumber\cucumber-core\7.31.0\cucumber-core-7.31.0.jar;C:\Users\perci\.m2\repository\io\cucumber\cucumber-gherkin\7.31.0\cucumber-gherkin-7.31.0.jar;C:\Users\perci\.m2\repository\io\cucumber\cucumber-gherkin-messages\7.31.0\cucumber-gherkin-messages-7.31.0.jar;C:\Users\perci\.m2\repository\io\cucumber\gherkin\36.0.0\gherkin-36.0.0.jar;C:\Users\perci\.m2\repository\io\cucumber\messages\30.1.0\messages-30.1.0.jar;C:\Users\perci\.m2\repository\io\cucumber\pretty-formatter\2.4.0\pretty-formatter-2.4.0.jar;C:\Users\perci\.m2\repository\io\cucumber\query\14.7.0\query-14.7.0.jar;C:\Users\perci\.m2\repository\io\cucumber\teamcity-formatter\0.2.0\teamcity-formatter-0.2.0.jar;C:\Users\perci\.m2\repository\io\cucumber\testng-xml-formatter\0.7.0\testng-xml-formatter-0.7.0.jar;C:\Users\perci\.m2\repository\io\cucumber\usage-formatter\0.1.0\usage-formatter-0.1.0.jar;C:\Users\perci\.m2\repository\io\cucumber\tag-expressions\8.0.0\tag-expressions-8.0.0.jar;C:\Users\perci\.m2\repository\io\cucumber\cucumber-expressions\18.0.1\cucumber-expressions-18.0.1.jar;C:\Users\perci\.m2\repository\io\cucumber\cucumber-json-formatter\0.3.0\cucumber-json-formatter-0.3.0.jar;C:\Users\perci\.m2\repository\io\cucumber\datatable\7.31.0\datatable-7.31.0.jar;C:\Users\perci\.m2\repository\io\cucumber\cucumber-plugin\7.31.0\cucumber-plugin-7.31.0.jar;C:\Users\perci\.m2\repository\io\cucumber\docstring\7.31.0\docstring-7.31.0.jar;C:\Users\perci\.m2\repository\io\cucumber\html-formatter\22.0.0\html-formatter-22.0.0.jar;C:\Users\perci\.m2\repository\io\cucumber\junit-xml-formatter\0.10.0\junit-xml-formatter-0.10.0.jar;C:\Users\perci\.m2\repository\io\cucumber\ci-environment\12.0.0\ci-environment-12.0.0.jar;C:\Users\perci\.m2\repository\org\apiguardian\apiguardian-api\1.1.2\apiguardian-api-1.1.2.jar;C:\Users\perci\.m2\repository\io\cucumber\cucumber-testng\7.31.0\cucumber-testng-7.31.0.jar;C:\Users\perci\.m2\repository\io\github\bonigarcia\webdrivermanager\6.3.2\webdrivermanager-6.3.2.jar;C:\Users\perci\.m2\repository\com\google\code\gson\gson\2.13.2\gson-2.13.2.jar;C:\Users\perci\.m2\repository\com\google\errorprone\error_prone_annotations\2.41.0\error_prone_annotations-2.41.0.jar;C:\Users\perci\.m2\repository\com\github\docker-java\docker-java\3.6.0\docker-java-3.6.0.jar;C:\Users\perci\.m2\repository\com\github\docker-java\docker-java-core\3.6.0\docker-java-core-3.6.0.jar;C:\Users\perci\.m2\repository\com\github\docker-java\docker-java-api\3.6.0\docker-java-api-3.6.0.jar;C:\Users\perci\.m2\repository\com\fasterxml\jackson\core\jackson-annotations\2.19.2\jackson-annotations-2.19.2.jar;C:\Users\perci\.m2\repository\com\fasterxml\jackson\core\jackson-databind\2.19.2\jackson-databind-2.19.2.jar;C:\Users\perci\.m2\repository\com\fasterxml\jackson\core\jackson-core\2.19.2\jackson-core-2.19.2.jar;C:\Users\perci\.m2\repository\org\slf4j\jcl-over-slf4j\1.7.30\jcl-over-slf4j-1.7.30.jar;C:\Users\perci\.m2\repository\com\github\docker-java\docker-java-transport-httpclient5\3.6.0\docker-java-transport-httpclient5-3.6.0.jar;C:\Users\perci\.m2\repository\com\github\docker-java\docker-java-transport\3.6.0\docker-java-transport-3.6.0.jar;C:\Users\perci\.m2\repository\net\java\dev\jna\jna\5.17.0\jna-5.17.0.jar;C:\Users\perci\.m2\repository\org\brotli\dec\0.1.2\dec-0.1.2.jar;C:\Users\perci\.m2\repository\org\apache\commons\commons-lang3\3.18.0\commons-lang3-3.18.0.jar;C:\Users\perci\.m2\repository\org\apache\commons\commons-compress\1.28.0\commons-compress-1.28.0.jar;C:\Users\perci\.m2\repository\commons-codec\commons-codec\1.19.0\commons-codec-1.19.0.jar;C:\Users\perci\.m2\repository\commons-io\commons-io\2.20.0\commons-io-2.20.0.jar;C:\Users\perci\.m2\repository\org\apache\httpcomponents\client5\httpclient5\5.4.3\httpclient5-5.4.3.jar;C:\Users\perci\.m2\repository\org\apache\httpcomponents\core5\httpcore5\5.3.4\httpcore5-5.3.4.jar;C:\Users\perci\.m2\repository\org\apache\httpcomponents\core5\httpcore5-h2\5.3.4\httpcore5-h2-5.3.4.jar;C:\Users\perci\.m2\repository\io\qameta\allure\allure-java-commons\2.31.0\allure-java-commons-2.31.0.jar;C:\Users\perci\.m2\repository\io\qameta\allure\allure-model\2.31.0\allure-model-2.31.0.jar;C:\Users\perci\.m2\repository\io\qameta\allure\allure-testng\2.31.0\allure-testng-2.31.0.jar;C:\Users\perci\.m2\repository\io\qameta\allure\allure-test-filter\2.31.0\allure-test-filter-2.31.0.jar;"/>
    <property name="java.vm.vendor" value="Amazon.com Inc."/>
    <property name="sun.arch.data.model" value="64"/>
    <property name="user.variant" value=""/>
    <property name="java.vendor.url" value="https://aws.amazon.com/corretto/"/>
    <property name="user.timezone" value="Africa/Johannesburg"/>
    <property name="os.name" value="Windows 11"/>
    <property name="java.vm.specification.version" value="17"/>
    <property name="sun.java.launcher" value="SUN_STANDARD"/>
    <property name="user.country" value="ZA"/>
    <property name="sun.boot.library.path" value="C:\Program Files\Amazon Corretto\jdk17.0.10_7\bin"/>
    <property name="sun.java.command" value="C:\Users\perci\AppData\Local\Temp\surefire14668835140710264758\surefirebooter-20260212083649990_3.jar C:\Users\perci\AppData\Local\Temp\surefire14668835140710264758 2026-02-12T08-36-49_802-jvmRun1 surefire-20260212083649990_1tmp surefire_0-20260212083649990_2tmp"/>
    <property name="jdk.debug" value="release"/>
    <property name="surefire.test.class.path" value="C:\Users\perci\OneDrive\Documents\personal_projects\portfolio\qa-portfolio\01_Web_Automation\target\test-classes;C:\Users\perci\OneDrive\Documents\personal_projects\portfolio\qa-portfolio\01_Web_Automation\target\classes;C:\Users\perci\.m2\repository\org\seleniumhq\selenium\selenium-java\4.38.0\selenium-java-4.38.0.jar;C:\Users\perci\.m2\repository\org\seleniumhq\selenium\selenium-api\4.38.0\selenium-api-4.38.0.jar;C:\Users\perci\.m2\repository\org\jspecify\jspecify\1.0.0\jspecify-1.0.0.jar;C:\Users\perci\.m2\repository\org\seleniumhq\selenium\selenium-chrome-driver\4.38.0\selenium-chrome-driver-4.38.0.jar;C:\Users\perci\.m2\repository\com\google\auto\service\auto-service-annotations\1.1.1\auto-service-annotations-1.1.1.jar;C:\Users\perci\.m2\repository\org\seleniumhq\selenium\selenium-chromium-driver\4.38.0\selenium-chromium-driver-4.38.0.jar;C:\Users\perci\.m2\repository\org\seleniumhq\selenium\selenium-json\4.38.0\selenium-json-4.38.0.jar;C:\Users\perci\.m2\repository\org\seleniumhq\selenium\selenium-manager\4.38.0\selenium-manager-4.38.0.jar;C:\Users\perci\.m2\repository\org\seleniumhq\selenium\selenium-devtools-v140\4.38.0\selenium-devtools-v140-4.38.0.jar;C:\Users\perci\.m2\repository\org\seleniumhq\selenium\selenium-devtools-v141\4.38.0\selenium-devtools-v141-4.38.0.jar;C:\Users\perci\.m2\repository\org\seleniumhq\selenium\selenium-devtools-v142\4.38.0\selenium-devtools-v142-4.38.0.jar;C:\Users\perci\.m2\repository\org\seleniumhq\selenium\selenium-edge-driver\4.38.0\selenium-edge-driver-4.38.0.jar;C:\Users\perci\.m2\repository\org\seleniumhq\selenium\selenium-firefox-driver\4.38.0\selenium-firefox-driver-4.38.0.jar;C:\Users\perci\.m2\repository\org\seleniumhq\selenium\selenium-http\4.38.0\selenium-http-4.38.0.jar;C:\Users\perci\.m2\repository\org\seleniumhq\selenium\selenium-ie-driver\4.38.0\selenium-ie-driver-4.38.0.jar;C:\Users\perci\.m2\repository\org\seleniumhq\selenium\selenium-remote-driver\4.38.0\selenium-remote-driver-4.38.0.jar;C:\Users\perci\.m2\repository\com\google\guava\guava\33.5.0-jre\guava-33.5.0-jre.jar;C:\Users\perci\.m2\repository\com\google\guava\failureaccess\1.0.3\failureaccess-1.0.3.jar;C:\Users\perci\.m2\repository\com\google\guava\listenablefuture\9999.0-empty-to-avoid-conflict-with-guava\listenablefuture-9999.0-empty-to-avoid-conflict-with-guava.jar;C:\Users\perci\.m2\repository\com\google\j2objc\j2objc-annotations\3.1\j2objc-annotations-3.1.jar;C:\Users\perci\.m2\repository\io\opentelemetry\opentelemetry-api\1.55.0\opentelemetry-api-1.55.0.jar;C:\Users\perci\.m2\repository\io\opentelemetry\opentelemetry-context\1.55.0\opentelemetry-context-1.55.0.jar;C:\Users\perci\.m2\repository\io\opentelemetry\opentelemetry-common\1.55.0\opentelemetry-common-1.55.0.jar;C:\Users\perci\.m2\repository\io\opentelemetry\opentelemetry-exporter-logging\1.55.0\opentelemetry-exporter-logging-1.55.0.jar;C:\Users\perci\.m2\repository\io\opentelemetry\opentelemetry-sdk-common\1.55.0\opentelemetry-sdk-common-1.55.0.jar;C:\Users\perci\.m2\repository\io\opentelemetry\opentelemetry-sdk-extension-autoconfigure-spi\1.55.0\opentelemetry-sdk-extension-autoconfigure-spi-1.55.0.jar;C:\Users\perci\.m2\repository\io\opentelemetry\opentelemetry-sdk-extension-autoconfigure\1.55.0\opentelemetry-sdk-extension-autoconfigure-1.55.0.jar;C:\Users\perci\.m2\repository\io\opentelemetry\opentelemetry-sdk-trace\1.55.0\opentelemetry-sdk-trace-1.55.0.jar;C:\Users\perci\.m2\repository\io\opentelemetry\opentelemetry-sdk\1.55.0\opentelemetry-sdk-1.55.0.jar;C:\Users\perci\.m2\repository\io\opentelemetry\opentelemetry-sdk-metrics\1.55.0\opentelemetry-sdk-metrics-1.55.0.jar;C:\Users\perci\.m2\repository\io\opentelemetry\opentelemetry-sdk-logs\1.55.0\opentelemetry-sdk-logs-1.55.0.jar;C:\Users\perci\.m2\repository\net\bytebuddy\byte-buddy\1.17.8\byte-buddy-1.17.8.jar;C:\Users\perci\.m2\repository\org\seleniumhq\selenium\selenium-os\4.38.0\selenium-os-4.38.0.jar;C:\Users\perci\.m2\repository\org\apache\commons\commons-exec\1.5.0\commons-exec-1.5.0.jar;C:\Users\perci\.m2\repository\org\seleniumhq\selenium\selenium-safari-driver\4.38.0\selenium-safari-driver-4.38.0.jar;C:\Users\perci\.m2\repository\org\seleniumhq\selenium\selenium-support\4.38.0\selenium-support-4.38.0.jar;C:\Users\perci\.m2\repository\org\testng\testng\7.11.0\testng-7.11.0.jar;C:\Users\perci\.m2\repository\org\slf4j\slf4j-api\2.0.16\slf4j-api-2.0.16.jar;C:\Users\perci\.m2\repository\org\jcommander\jcommander\1.83\jcommander-1.83.jar;C:\Users\perci\.m2\repository\org\webjars\jquery\3.7.1\jquery-3.7.1.jar;C:\Users\perci\.m2\repository\io\cucumber\cucumber-java\7.31.0\cucumber-java-7.31.0.jar;C:\Users\perci\.m2\repository\io\cucumber\cucumber-core\7.31.0\cucumber-core-7.31.0.jar;C:\Users\perci\.m2\repository\io\cucumber\cucumber-gherkin\7.31.0\cucumber-gherkin-7.31.0.jar;C:\Users\perci\.m2\repository\io\cucumber\cucumber-gherkin-messages\7.31.0\cucumber-gherkin-messages-7.31.0.jar;C:\Users\perci\.m2\repository\io\cucumber\gherkin\36.0.0\gherkin-36.0.0.jar;C:\Users\perci\.m2\repository\io\cucumber\messages\30.1.0\messages-30.1.0.jar;C:\Users\perci\.m2\repository\io\cucumber\pretty-formatter\2.4.0\pretty-formatter-2.4.0.jar;C:\Users\perci\.m2\repository\io\cucumber\query\14.7.0\query-14.7.0.jar;C:\Users\perci\.m2\repository\io\cucumber\teamcity-formatter\0.2.0\teamcity-formatter-0.2.0.jar;C:\Users\perci\.m2\repository\io\cucumber\testng-xml-formatter\0.7.0\testng-xml-formatter-0.7.0.jar;C:\Users\perci\.m2\repository\io\cucumber\usage-formatter\0.1.0\usage-formatter-0.1.0.jar;C:\Users\perci\.m2\repository\io\cucumber\tag-expressions\8.0.0\tag-expressions-8.0.0.jar;C:\Users\perci\.m2\repository\io\cucumber\cucumber-expressions\18.0.1\cucumber-expressions-18.0.1.jar;C:\Users\perci\.m2\repository\io\cucumber\cucumber-json-formatter\0.3.0\cucumber-json-formatter-0.3.0.jar;C:\Users\perci\.m2\repository\io\cucumber\datatable\7.31.0\datatable-7.31.0.jar;C:\Users\perci\.m2\repository\io\cucumber\cucumber-plugin\7.31.0\cucumber-plugin-7.31.0.jar;C:\Users\perci\.m2\repository\io\cucumber\docstring\7.31.0\docstring-7.31.0.jar;C:\Users\perci\.m2\repository\io\cucumber\html-formatter\22.0.0\html-formatter-22.0.0.jar;C:\Users\perci\.m2\repository\io\cucumber\junit-xml-formatter\0.10.0\junit-xml-formatter-0.10.0.jar;C:\Users\perci\.m2\repository\io\cucumber\ci-environment\12.0.0\ci-environment-12.0.0.jar;C:\Users\perci\.m2\repository\org\apiguardian\apiguardian-api\1.1.2\apiguardian-api-1.1.2.jar;C:\Users\perci\.m2\repository\io\cucumber\cucumber-testng\7.31.0\cucumber-testng-7.31.0.jar;C:\Users\perci\.m2\repository\io\github\bonigarcia\webdrivermanager\6.3.2\webdrivermanager-6.3.2.jar;C:\Users\perci\.m2\repository\com\google\code\gson\gson\2.13.2\gson-2.13.2.jar;C:\Users\perci\.m2\repository\com\google\errorprone\error_prone_annotations\2.41.0\error_prone_annotations-2.41.0.jar;C:\Users\perci\.m2\repository\com\github\docker-java\docker-java\3.6.0\docker-java-3.6.0.jar;C:\Users\perci\.m2\repository\com\github\docker-java\docker-java-core\3.6.0\docker-java-core-3.6.0.jar;C:\Users\perci\.m2\repository\com\github\docker-java\docker-java-api\3.6.0\docker-java-api-3.6.0.jar;C:\Users\perci\.m2\repository\com\fasterxml\jackson\core\jackson-annotations\2.19.2\jackson-annotations-2.19.2.jar;C:\Users\perci\.m2\repository\com\fasterxml\jackson\core\jackson-databind\2.19.2\jackson-databind-2.19.2.jar;C:\Users\perci\.m2\repository\com\fasterxml\jackson\core\jackson-core\2.19.2\jackson-core-2.19.2.jar;C:\Users\perci\.m2\repository\org\slf4j\jcl-over-slf4j\1.7.30\jcl-over-slf4j-1.7.30.jar;C:\Users\perci\.m2\repository\com\github\docker-java\docker-java-transport-httpclient5\3.6.0\docker-java-transport-httpclient5-3.6.0.jar;C:\Users\perci\.m2\repository\com\github\docker-java\docker-java-transport\3.6.0\docker-java-transport-3.6.0.jar;C:\Users\perci\.m2\repository\net\java\dev\jna\jna\5.17.0\jna-5.17.0.jar;C:\Users\perci\.m2\repository\org\brotli\dec\0.1.2\dec-0.1.2.jar;C:\Users\perci\.m2\repository\org\apache\commons\commons-lang3\3.18.0\commons-lang3-3.18.0.jar;C:\Users\perci\.m2\repository\org\apache\commons\commons-compress\1.28.0\commons-compress-1.28.0.jar;C:\Users\perci\.m2\repository\commons-codec\commons-codec\1.19.0\commons-codec-1.19.0.jar;C:\Users\perci\.m2\repository\commons-io\commons-io\2.20.0\commons-io-2.20.0.jar;C:\Users\perci\.m2\repository\org\apache\httpcomponents\client5\httpclient5\5.4.3\httpclient5-5.4.3.jar;C:\Users\perci\.m2\repository\org\apache\httpcomponents\core5\httpcore5\5.3.4\httpcore5-5.3.4.jar;C:\Users\perci\.m2\repository\org\apache\httpcomponents\core5\httpcore5-h2\5.3.4\httpcore5-h2-5.3.4.jar;C:\Users\perci\.m2\repository\io\qameta\allure\allure-java-commons\2.31.0\allure-java-commons-2.31.0.jar;C:\Users\perci\.m2\repository\io\qameta\allure\allure-model\2.31.0\allure-model-2.31.0.jar;C:\Users\perci\.m2\repository\io\qameta\allure\allure-testng\2.31.0\allure-testng-2.31.0.jar;C:\Users\perci\.m2\repository\io\qameta\allure\allure-test-filter\2.31.0\allure-test-filter-2.31.0.jar;"/>
    <property name="sun.cpu.endian" value="little"/>
    <property name="user.home" value="C:\Users\perci"/>
    <property name="user.language" value="en"/>
    <property name="java.specification.vendor" value="Oracle Corporation"/>
    <property name="java.version.date" value="2024-01-16"/>
    <property name="java.home" value="C:\Program Files\Amazon Corretto\jdk17.0.10_7"/>
    <property name="file.separator" value="\"/>
    <property name="basedir" value="C:\Users\perci\OneDrive\Documents\personal_projects\portfolio\qa-portfolio\01_Web_Automation"/>
    <property name="java.vm.compressedOopsMode" value="32-bit"/>
    <property name="line.separator" value="&#10;"/>
    <property name="java.vm.specification.vendor" value="Oracle Corporation"/>
    <property name="java.specification.name" value="Java Platform API Specification"/>
    <property name="surefire.real.class.path" value="C:\Users\perci\AppData\Local\Temp\surefire14668835140710264758\surefirebooter-20260212083649990_3.jar"/>
    <property name="user.script" value=""/>
    <property name="sun.management.compiler" value="HotSpot 64-Bit Tiered Compilers"/>
    <property name="java.runtime.version" value="17.0.10+7-LTS"/>
    <property name="user.name" value="perci"/>
    <property name="path.separator" value=";"/>
    <property name="os.version" value="10.0"/>
    <property name="java.runtime.name" value="OpenJDK Runtime Environment"/>
    <property name="file.encoding" value="Cp1252"/>
    <property name="java.vm.name" value="OpenJDK 64-Bit Server VM"/>
    <property name="java.vendor.version" value="Corretto-17.0.10.7.1"/>
    <property name="localRepository" value="C:\Users\perci\.m2\repository"/>
    <property name="java.vendor.url.bug" value="https://github.com/corretto/corretto-17/issues/"/>
    <property name="java.io.tmpdir" value="C:\Users\perci\AppData\Local\Temp\"/>
    <property name="java.version" value="17.0.10"/>
    <property name="user.dir" value="C:\Users\perci\OneDrive\Documents\personal_projects\portfolio\qa-portfolio\01_Web_Automation"/>
    <property name="os.arch" value="amd64"/>
    <property name="webdriver.gecko.driver" value="C:\Users\perci\.cache\selenium\geckodriver\win64\0.36.0\geckodriver.exe"/>
    <property name="java.vm.specification.name" value="Java Virtual Machine Specification"/>
    <property name="sun.os.patch.level" value=""/>
    <property name="native.encoding" value="Cp1252"/>
    <property name="java.library.path" value="C:\Program Files\Amazon Corretto\jdk17.0.10_7\bin;C:\WINDOWS\Sun\Java\bin;C:\WINDOWS\system32;C:\WINDOWS;C:\Python313\Scripts\;C:\Python313\;C:\Program Files\Common Files\Oracle\Java\javapath;C:\Program Files\Amazon Corretto\jdk17.0.10_7\bin;C:\WINDOWS\system32;C:\WINDOWS;C:\WINDOWS\System32\Wbem;C:\WINDOWS\System32\WindowsPowerShell\v1.0\;C:\WINDOWS\System32\OpenSSH\;C:\Program Files\Maven\Apache-Maven-3.9.6\bin;C:\Apache\apache-maven-3.9.9-bin\apache-maven-3.9.9\bin;C:\Program Files\Git\cmd;C:\ProgramData\chocolatey\bin;C:\Program Files\nodejs\;C:\Program Files\PostgreSQL\17\bin;C:\ProgramData\chocolatey\lib\maven\apache-maven-3.9.11\bin;C:\Users\perci\AppData\Local\Microsoft\WindowsApps;C:\Users\perci\AppData\Local\Programs\Microsoft VS Code\bin;C:\Users\perci\AppData\Local\JetBrains\Toolbox\scripts;C:\Program Files (x86)\SQLite3;C:\Program Files\JetBrains\IntelliJ IDEA Community Edition 2024.1.1\bin;;C:\ProgramData\anaconda3\Library\bin\conda.bat;C:\ProgramData\anaconda3\Scripts\conda.exe;C:\ProgramData\anaconda3\condabin\conda.bat;C:\Users\perci\AppData\Local\Microsoft\WindowsApps;C:\Users\perci\AppData\Local\Microsoft\WinGet\Packages\Schniz.fnm_Microsoft.Winget.Source_8wekyb3d8bbwe;C:\Users\perci\AppData\Roaming\npm;C:\Program Files\PostgreSQL\17\bin;;."/>
    <property name="java.vm.info" value="mixed mode, sharing"/>
    <property name="java.vendor" value="Amazon.com Inc."/>
    <property name="java.vm.version" value="17.0.10+7-LTS"/>
    <property name="sun.io.unicode.encoding" value="UnicodeLittle"/>
    <property name="java.class.version" value="61.0"/>
  </properties>
  <testcase name="runScenario[&quot;Successfully hire a candidate through the recruitment workflow&quot;, &quot;End-to-End Hiring Process&quot;](1)" classname="runners.TestRunner" time="27.765">
    <failure message="class stepDefinitions.LoginSteps does not have a public zero-argument constructor.&#10;&#10;To use dependency injection add an other ObjectFactory implementation such as:&#10; * cucumber-picocontainer&#10; * cucumber-spring&#10; * cucumber-jakarta-cdi&#10; * ...etc&#10;" type="io.cucumber.core.exception.CucumberException"><![CDATA[io.cucumber.core.exception.CucumberException: 
class stepDefinitions.LoginSteps does not have a public zero-argument constructor.

To use dependency injection add an other ObjectFactory implementation such as:
 * cucumber-picocontainer
 * cucumber-spring
 * cucumber-jakarta-cdi
 * ...etc

	at io.cucumber.core.backend.DefaultObjectFactory.cacheNewInstance(DefaultObjectFactory.java:57)
	at io.cucumber.core.backend.DefaultObjectFactory.getInstance(DefaultObjectFactory.java:45)
	at io.cucumber.java.AbstractGlueDefinition.invokeMethod(AbstractGlueDefinition.java:47)
	at io.cucumber.java.JavaStepDefinition.execute(JavaStepDefinition.java:29)
	at io.cucumber.core.runner.CoreStepDefinition.execute(CoreStepDefinition.java:66)
	at io.cucumber.core.runner.PickleStepDefinitionMatch.runStep(PickleStepDefinitionMatch.java:62)
	at io.cucumber.core.runner.ExecutionMode$1.execute(ExecutionMode.java:10)
	at io.cucumber.core.runner.TestStep.executeStep(TestStep.java:81)
	at io.cucumber.core.runner.TestStep.run(TestStep.java:53)
	at io.cucumber.core.runner.PickleStepTestStep.run(PickleStepTestStep.java:51)
	at io.cucumber.core.runner.TestCase.run(TestCase.java:87)
	at io.cucumber.core.runner.Runner.runPickle(Runner.java:78)
	at io.cucumber.testng.TestNGCucumberRunner.lambda$runScenario$1(TestNGCucumberRunner.java:135)
	at io.cucumber.core.runtime.CucumberExecutionContext.lambda$runTestCase$5(CucumberExecutionContext.java:136)
	at io.cucumber.core.runtime.RethrowingThrowableCollector.executeAndThrow(RethrowingThrowableCollector.java:23)
	at io.cucumber.core.runtime.CucumberExecutionContext.runTestCase(CucumberExecutionContext.java:136)
	at io.cucumber.testng.TestNGCucumberRunner.runScenario(TestNGCucumberRunner.java:132)
	at io.cucumber.testng.AbstractTestNGCucumberTests.runScenario(AbstractTestNGCucumberTests.java:35)
	at java.base/jdk.internal.reflect.NativeMethodAccessorImpl.invoke0(Native Method)
	at java.base/jdk.internal.reflect.NativeMethodAccessorImpl.invoke(NativeMethodAccessorImpl.java:77)
	at java.base/jdk.internal.reflect.DelegatingMethodAccessorImpl.invoke(DelegatingMethodAccessorImpl.java:43)
	at java.base/java.lang.reflect.Method.invoke(Method.java:568)
	at org.testng.internal.invokers.MethodInvocationHelper.invokeMethod(MethodInvocationHelper.java:141)
	at org.testng.internal.invokers.TestInvoker.invokeMethod(TestInvoker.java:687)
	at org.testng.internal.invokers.TestInvoker.invokeTestMethod(TestInvoker.java:230)
	at org.testng.internal.invokers.MethodRunner.runInSequence(MethodRunner.java:63)
	at org.testng.internal.invokers.TestInvoker$MethodInvocationAgent.invoke(TestInvoker.java:995)
	at org.testng.internal.invokers.TestInvoker.invokeTestMethods(TestInvoker.java:203)
	at org.testng.internal.invokers.TestMethodWorker.invokeTestMethods(TestMethodWorker.java:154)
	at org.testng.internal.invokers.TestMethodWorker.run(TestMethodWorker.java:134)
	at java.base/java.util.ArrayList.forEach(ArrayList.java:1511)
	at org.testng.TestRunner.privateRun(TestRunner.java:741)
	at org.testng.TestRunner.run(TestRunner.java:616)
	at org.testng.SuiteRunner.runTest(SuiteRunner.java:421)
	at org.testng.SuiteRunner.runSequentially(SuiteRunner.java:413)
	at org.testng.SuiteRunner.privateRun(SuiteRunner.java:373)
	at org.testng.SuiteRunner.run(SuiteRunner.java:312)
	at org.testng.SuiteRunnerWorker.runSuite(SuiteRunnerWorker.java:52)
	at org.testng.SuiteRunnerWorker.run(SuiteRunnerWorker.java:95)
	at org.testng.TestNG.runSuitesSequentially(TestNG.java:1274)
	at org.testng.TestNG.runSuitesLocally(TestNG.java:1208)
	at org.testng.TestNG.runSuites(TestNG.java:1112)
	at org.testng.TestNG.run(TestNG.java:1079)
	at org.apache.maven.surefire.testng.TestNGExecutor.run(TestNGExecutor.java:155)
	at org.apache.maven.surefire.testng.TestNGDirectoryTestSuite.executeMulti(TestNGDirectoryTestSuite.java:169)
	at org.apache.maven.surefire.testng.TestNGDirectoryTestSuite.execute(TestNGDirectoryTestSuite.java:88)
	at org.apache.maven.surefire.testng.TestNGProvider.invoke(TestNGProvider.java:137)
	at org.apache.maven.surefire.booter.ForkedBooter.runSuitesInProcess(ForkedBooter.java:385)
	at org.apache.maven.surefire.booter.ForkedBooter.execute(ForkedBooter.java:162)
	at org.apache.maven.surefire.booter.ForkedBooter.run(ForkedBooter.java:507)
	at org.apache.maven.surefire.booter.ForkedBooter.main(ForkedBooter.java:495)
Caused by: java.lang.NoSuchMethodException: stepDefinitions.LoginSteps.<init>()
	at java.base/java.lang.Class.getConstructor0(Class.java:3585)
	at java.base/java.lang.Class.getConstructor(Class.java:2271)
	at io.cucumber.core.backend.DefaultObjectFactory.cacheNewInstance(DefaultObjectFactory.java:52)
	... 50 more
]]></failure>
    <system-out><![CDATA[
@e2e @hiring @happy-path
&amp#27;[1mScenario:&amp#27;[22m Successfully hire a candidate through the recruitment workflow    &amp#27;[90m# ./src/test/resources/features/hiring_process.feature:13&amp#27;[39m
Test run Reference: 725010
Base Path: C:\Users\perci\OneDrive\Documents\personal_projects\portfolio\qa-portfolio\01_Web_Automation
Browser: firefox
  &amp#27;[31mâœ˜&amp#27;[39m &amp#27;[31m&amp#27;[1mGiven &amp#27;[22mthe admin user is logged into the system&amp#27;[39m                          &amp#27;[90m# stepDefinitions.LoginSteps.adminUserIsLoggedIn()&amp#27;[39m
        &amp#27;[31mio.cucumber.core.exception.CucumberException: class stepDefinitions.LoginSteps does not have a public zero-argument constructor.&amp#27;[39m
        &amp#27;[31m&amp#27;[39m
        &amp#27;[31mTo use dependency injection add an other ObjectFactory implementation such as:&amp#27;[39m
        &amp#27;[31m * cucumber-picocontainer&amp#27;[39m
        &amp#27;[31m * cucumber-spring&amp#27;[39m
        &amp#27;[31m * cucumber-jakarta-cdi&amp#27;[39m
        &amp#27;[31m * ...etc&amp#27;[39m
        &amp#27;[31m&amp#27;[39m
        &amp#27;[31m	at io.cucumber.core.backend.DefaultObjectFactory.cacheNewInstance(DefaultObjectFactory.java:57)&amp#27;[39m
        &amp#27;[31m	at io.cucumber.core.backend.DefaultObjectFactory.getInstance(DefaultObjectFactory.java:45)&amp#27;[39m
        &amp#27;[31m	at io.cucumber.java.AbstractGlueDefinition.invokeMethod(AbstractGlueDefinition.java:47)&amp#27;[39m
        &amp#27;[31m	at io.cucumber.java.JavaStepDefinition.execute(JavaStepDefinition.java:29)&amp#27;[39m
        &amp#27;[31m	at io.cucumber.core.runner.CoreStepDefinition.execute(CoreStepDefinition.java:66)&amp#27;[39m
        &amp#27;[31m	at io.cucumber.core.runner.PickleStepDefinitionMatch.runStep(PickleStepDefinitionMatch.java:62)&amp#27;[39m
        &amp#27;[31m	at io.cucumber.core.runner.ExecutionMode$1.execute(ExecutionMode.java:10)&amp#27;[39m
        &amp#27;[31m	at io.cucumber.core.runner.TestStep.executeStep(TestStep.java:81)&amp#27;[39m
        &amp#27;[31m	at io.cucumber.core.runner.TestStep.run(TestStep.java:53)&amp#27;[39m
        &amp#27;[31m	at io.cucumber.core.runner.PickleStepTestStep.run(PickleStepTestStep.java:51)&amp#27;[39m
        &amp#27;[31m	at io.cucumber.core.runner.TestCase.run(TestCase.java:87)&amp#27;[39m
        &amp#27;[31m	at io.cucumber.core.runner.Runner.runPickle(Runner.java:78)&amp#27;[39m
        &amp#27;[31m	at io.cucumber.testng.TestNGCucumberRunner.lambda$runScenario$1(TestNGCucumberRunner.java:135)&amp#27;[39m
        &amp#27;[31m	at io.cucumber.core.runtime.CucumberExecutionContext.lambda$runTestCase$5(CucumberExecutionContext.java:136)&amp#27;[39m
        &amp#27;[31m	at io.cucumber.core.runtime.RethrowingThrowableCollector.executeAndThrow(RethrowingThrowableCollector.java:23)&amp#27;[39m
        &amp#27;[31m	at io.cucumber.core.runtime.CucumberExecutionContext.runTestCase(CucumberExecutionContext.java:136)&amp#27;[39m
        &amp#27;[31m	at io.cucumber.testng.TestNGCucumberRunner.runScenario(TestNGCucumberRunner.java:132)&amp#27;[39m
        &amp#27;[31m	at io.cucumber.testng.AbstractTestNGCucumberTests.runScenario(AbstractTestNGCucumberTests.java:35)&amp#27;[39m
        &amp#27;[31m	at java.base/jdk.internal.reflect.NativeMethodAccessorImpl.invoke0(Native Method)&amp#27;[39m
        &amp#27;[31m	at java.base/jdk.internal.reflect.NativeMethodAccessorImpl.invoke(NativeMethodAccessorImpl.java:77)&amp#27;[39m
        &amp#27;[31m	at java.base/jdk.internal.reflect.DelegatingMethodAccessorImpl.invoke(DelegatingMethodAccessorImpl.java:43)&amp#27;[39m
        &amp#27;[31m	at java.base/java.lang.reflect.Method.invoke(Method.java:568)&amp#27;[39m
        &amp#27;[31m	at org.testng.internal.invokers.MethodInvocationHelper.invokeMethod(MethodInvocationHelper.java:141)&amp#27;[39m
        &amp#27;[31m	at org.testng.internal.invokers.TestInvoker.invokeMethod(TestInvoker.java:687)&amp#27;[39m
        &amp#27;[31m	at org.testng.internal.invokers.TestInvoker.invokeTestMethod(TestInvoker.java:230)&amp#27;[39m
        &amp#27;[31m	at org.testng.internal.invokers.MethodRunner.runInSequence(MethodRunner.java:63)&amp#27;[39m
        &amp#27;[31m	at org.testng.internal.invokers.TestInvoker$MethodInvocationAgent.invoke(TestInvoker.java:995)&amp#27;[39m
        &amp#27;[31m	at org.testng.internal.invokers.TestInvoker.invokeTestMethods(TestInvoker.java:203)&amp#27;[39m
        &amp#27;[31m	at org.testng.internal.invokers.TestMethodWorker.invokeTestMethods(TestMethodWorker.java:154)&amp#27;[39m
        &amp#27;[31m	at org.testng.internal.invokers.TestMethodWorker.run(TestMethodWorker.java:134)&amp#27;[39m
        &amp#27;[31m	at java.base/java.util.ArrayList.forEach(ArrayList.java:1511)&amp#27;[39m
        &amp#27;[31m	at org.testng.TestRunner.privateRun(TestRunner.java:741)&amp#27;[39m
        &amp#27;[31m	at org.testng.TestRunner.run(TestRunner.java:616)&amp#27;[39m
        &amp#27;[31m	at org.testng.SuiteRunner.runTest(SuiteRunner.java:421)&amp#27;[39m
        &amp#27;[31m	at org.testng.SuiteRunner.runSequentially(SuiteRunner.java:413)&amp#27;[39m
        &amp#27;[31m	at org.testng.SuiteRunner.privateRun(SuiteRunner.java:373)&amp#27;[39m
        &amp#27;[31m	at org.testng.SuiteRunner.run(SuiteRunner.java:312)&amp#27;[39m
        &amp#27;[31m	at org.testng.SuiteRunnerWorker.runSuite(SuiteRunnerWorker.java:52)&amp#27;[39m
        &amp#27;[31m	at org.testng.SuiteRunnerWorker.run(SuiteRunnerWorker.java:95)&amp#27;[39m
        &amp#27;[31m	at org.testng.TestNG.runSuitesSequentially(TestNG.java:1274)&amp#27;[39m
        &amp#27;[31m	at org.testng.TestNG.runSuitesLocally(TestNG.java:1208)&amp#27;[39m
        &amp#27;[31m	at org.testng.TestNG.runSuites(TestNG.java:1112)&amp#27;[39m
        &amp#27;[31m	at org.testng.TestNG.run(TestNG.java:1079)&amp#27;[39m
        &amp#27;[31m	at org.apache.maven.surefire.testng.TestNGExecutor.run(TestNGExecutor.java:155)&amp#27;[39m
        &amp#27;[31m	at org.apache.maven.surefire.testng.TestNGDirectoryTestSuite.executeMulti(TestNGDirectoryTestSuite.java:169)&amp#27;[39m
        &amp#27;[31m	at org.apache.maven.surefire.testng.TestNGDirectoryTestSuite.execute(TestNGDirectoryTestSuite.java:88)&amp#27;[39m
        &amp#27;[31m	at org.apache.maven.surefire.testng.TestNGProvider.invoke(TestNGProvider.java:137)&amp#27;[39m
        &amp#27;[31m	at org.apache.maven.surefire.booter.ForkedBooter.runSuitesInProcess(ForkedBooter.java:385)&amp#27;[39m
        &amp#27;[31m	at org.apache.maven.surefire.booter.ForkedBooter.execute(ForkedBooter.java:162)&amp#27;[39m
        &amp#27;[31m	at org.apache.maven.surefire.booter.ForkedBooter.run(ForkedBooter.java:507)&amp#27;[39m
        &amp#27;[31m	at org.apache.maven.surefire.booter.ForkedBooter.main(ForkedBooter.java:495)&amp#27;[39m
        &amp#27;[31mCaused by: java.lang.NoSuchMethodException: stepDefinitions.LoginSteps.<init>()&amp#27;[39m
        &amp#27;[31m	at java.base/java.lang.Class.getConstructor0(Class.java:3585)&amp#27;[39m
        &amp#27;[31m	at java.base/java.lang.Class.getConstructor(Class.java:2271)&amp#27;[39m
        &amp#27;[31m	at io.cucumber.core.backend.DefaultObjectFactory.cacheNewInstance(DefaultObjectFactory.java:52)&amp#27;[39m
        &amp#27;[31m	... 50 more&amp#27;[39m
  &amp#27;[36mâ†·&amp#27;[39m &amp#27;[36m&amp#27;[1mAnd &amp#27;[22mthe admin creates a admin user&amp#27;[39m                                      &amp#27;[90m# stepDefinitions.AdminUserSteps.createAdminUser()&amp#27;[39m
  &amp#27;[36mâ†·&amp#27;[39m &amp#27;[36m&amp#27;[1mAnd &amp#27;[22mthe user logs out&amp#27;[39m                                                   &amp#27;[90m# stepDefinitions.LogoutSteps.logout()&amp#27;[39m
  &amp#27;[36mâ†·&amp#27;[39m &amp#27;[36m&amp#27;[1mAnd &amp#27;[22mthe created admin user is logged into the system&amp#27;[39m                    &amp#27;[90m# stepDefinitions.LoginSteps.createdAdminUserIsLoggedIn()&amp#27;[39m
  &amp#27;[36mâ†·&amp#27;[39m &amp#27;[36m&amp#27;[1mWhen &amp#27;[22mthe admin creates a job title&amp#27;[39m                                      &amp#27;[90m# stepDefinitions.AdminJobSetupSteps.createJobTitle()&amp#27;[39m
  &amp#27;[36mâ†·&amp#27;[39m &amp#27;[36m&amp#27;[1mAnd &amp#27;[22mthe admin creates a vacancy&amp#27;[39m                                         &amp#27;[90m# stepDefinitions.VacancySteps.createVacancy()&amp#27;[39m
  &amp#27;[36mâ†·&amp#27;[39m &amp#27;[36m&amp#27;[1mAnd &amp#27;[22mthe admin adds a candidate&amp#27;[39m                                          &amp#27;[90m# stepDefinitions.CandidateSteps.addCandidate()&amp#27;[39m
  &amp#27;[36mâ†·&amp#27;[39m &amp#27;[36m&amp#27;[1mThen &amp#27;[22mthe candidate application status should be &amp#27;[1m"Application Initiated"&amp#27;[22m&amp#27;[39m &amp#27;[90m# stepDefinitions.CandidateStatusSteps.candidateApplicationStatus(java.lang.String)&amp#27;[39m
  &amp#27;[36mâ†·&amp#27;[39m &amp#27;[36m&amp#27;[1mWhen &amp#27;[22mthe candidate is shortlisted&amp#27;[39m                                       &amp#27;[90m# stepDefinitions.CandidateLifecycleSteps.shortlistCandidate()&amp#27;[39m
  &amp#27;[36mâ†·&amp#27;[39m &amp#27;[36m&amp#27;[1mThen &amp#27;[22mthe candidate application status should be &amp#27;[1m"Shortlisted"&amp#27;[22m&amp#27;[39m           &amp#27;[90m# stepDefinitions.CandidateStatusSteps.candidateApplicationStatus(java.lang.String)&amp#27;[39m
  &amp#27;[36mâ†·&amp#27;[39m &amp#27;[36m&amp#27;[1mWhen &amp#27;[22mthe interview is scheduled for the candidate&amp#27;[39m                       &amp#27;[90m# stepDefinitions.CandidateLifecycleSteps.scheduleInterview()&amp#27;[39m
  &amp#27;[36mâ†·&amp#27;[39m &amp#27;[36m&amp#27;[1mThen &amp#27;[22mthe candidate application status should be &amp#27;[1m"Interview Scheduled"&amp#27;[22m&amp#27;[39m   &amp#27;[90m# stepDefinitions.CandidateStatusSteps.candidateApplicationStatus(java.lang.String)&amp#27;[39m
  &amp#27;[36mâ†·&amp#27;[39m &amp#27;[36m&amp#27;[1mWhen &amp#27;[22mthe interview is marked as passed&amp#27;[39m                                  &amp#27;[90m# stepDefinitions.CandidateLifecycleSteps.markInterviewPassed()&amp#27;[39m
  &amp#27;[36mâ†·&amp#27;[39m &amp#27;[36m&amp#27;[1mThen &amp#27;[22mthe candidate application status should be &amp#27;[1m"Interview Passed"&amp#27;[22m&amp#27;[39m      &amp#27;[90m# stepDefinitions.CandidateStatusSteps.candidateApplicationStatus(java.lang.String)&amp#27;[39m
  &amp#27;[36mâ†·&amp#27;[39m &amp#27;[36m&amp#27;[1mWhen &amp#27;[22mthe job is offered to the candidate&amp#27;[39m                                &amp#27;[90m# stepDefinitions.CandidateLifecycleSteps.offerJob()&amp#27;[39m
  &amp#27;[36mâ†·&amp#27;[39m &amp#27;[36m&amp#27;[1mThen &amp#27;[22mthe candidate application status should be &amp#27;[1m"Job Offered"&amp#27;[22m&amp#27;[39m           &amp#27;[90m# stepDefinitions.CandidateStatusSteps.candidateApplicationStatus(java.lang.String)&amp#27;[39m
  &amp#27;[36mâ†·&amp#27;[39m &amp#27;[36m&amp#27;[1mWhen &amp#27;[22mthe candidate is hired&amp#27;[39m                                             &amp#27;[90m# stepDefinitions.CandidateLifecycleSteps.hireCandidate()&amp#27;[39m
  &amp#27;[36mâ†·&amp#27;[39m &amp#27;[36m&amp#27;[1mThen &amp#27;[22mthe candidate application status should be &amp#27;[1m"Hired"&amp#27;[22m&amp#27;[39m                 &amp#27;[90m# stepDefinitions.CandidateStatusSteps.candidateApplicationStatus(java.lang.String)&amp#27;[39m
  &amp#27;[36mâ†·&amp#27;[39m &amp#27;[36m&amp#27;[1mAnd &amp#27;[22mthe user logs out&amp#27;[39m                                                   &amp#27;[90m# stepDefinitions.LogoutSteps.logout()&amp#27;[39m
]]></system-out>
    <system-err><![CDATA[SLF4J(W): No SLF4J providers were found.
SLF4J(W): Defaulting to no-operation (NOP) logger implementation
SLF4J(W): See https://www.slf4j.org/codes.html#noProviders for further details.
]]></system-err>
  </testcase>
</testsuite>