<?xml version="1.0" encoding="UTF-8"?>
<testsuite xmlns:xsi="http://www.w3.org/2001/XMLSchema-instance" xsi:noNamespaceSchemaLocation="https://maven.apache.org/surefire/maven-surefire-plugin/xsd/surefire-test-report-3.0.xsd" version="3.0" name="TestSuite" time="29.449" tests="1" errors="0" skipped="0" failures="1">
  <properties>
[...]
</properties>
  <testcase name="runScenario[&quot;Successfully hire a candidate through the recruitment workflow&quot;, &quot;End-to-End Hiring Process&quot;](1)" classname="runners.TestRunner" time="27.765">
    <failure message="class stepDefinitions.LoginSteps does not have a public zero-argument constructor.&#10;&#10;To use dependency injection add an other ObjectFactory implementation such as:&#10; * cucumber-picocontainer&#10; * cucumber-spring&#10; * cucumber-jakarta-cdi&#10; * ...etc&#10;" type="io.cucumber.core.exception.CucumberException"><![CDATA[io.cucumber.core.exception.CucumberException: 
class stepDefinitions.LoginSteps does not have a public zero-argument constructor.

To use dependency injection add an other ObjectFactory implementation such as:
 * cucumber-picocontainer
 * cucumber-spring
 * cucumber-jakarta-cdi
 * ...etc

	at io.cucumber.core.backend.DefaultObjectFactory.cacheNewInstance(DefaultObjectFactory.java:57)
	at io.cucumber.core.backend.DefaultObjectFactory.getInstance(DefaultObjectFactory.java:45)
	at io.cucumber.java.AbstractGlueDefinition.invokeMethod(AbstractGlueDefinition.java:47)
	at io.cucumber.java.JavaStepDefinition.execute(JavaStepDefinition.java:29)
	at io.cucumber.core.runner.CoreStepDefinition.execute(CoreStepDefinition.java:66)
	at io.cucumber.core.runner.PickleStepDefinitionMatch.runStep(PickleStepDefinitionMatch.java:62)
	at io.cucumber.core.runner.ExecutionMode$1.execute(ExecutionMode.java:10)
	at io.cucumber.core.runner.TestStep.executeStep(TestStep.java:81)
	at io.cucumber.core.runner.TestStep.run(TestStep.java:53)
	at io.cucumber.core.runner.PickleStepTestStep.run(PickleStepTestStep.java:51)
	at io.cucumber.core.runner.TestCase.run(TestCase.java:87)
	at io.cucumber.core.runner.Runner.runPickle(Runner.java:78)
	at io.cucumber.testng.TestNGCucumberRunner.lambda$runScenario$1(TestNGCucumberRunner.java:135)
	at io.cucumber.core.runtime.CucumberExecutionContext.lambda$runTestCase$5(CucumberExecutionContext.java:136)
	at io.cucumber.core.runtime.RethrowingThrowableCollector.executeAndThrow(RethrowingThrowableCollector.java:23)
	at io.cucumber.core.runtime.CucumberExecutionContext.runTestCase(CucumberExecutionContext.java:136)
	at io.cucumber.testng.TestNGCucumberRunner.runScenario(TestNGCucumberRunner.java:132)
	at io.cucumber.testng.AbstractTestNGCucumberTests.runScenario(AbstractTestNGCucumberTests.java:35)
	at java.base/jdk.internal.reflect.NativeMethodAccessorImpl.invoke0(Native Method)
	at java.base/jdk.internal.reflect.NativeMethodAccessorImpl.invoke(NativeMethodAccessorImpl.java:77)
	at java.base/jdk.internal.reflect.DelegatingMethodAccessorImpl.invoke(DelegatingMethodAccessorImpl.java:43)
	at java.base/java.lang.reflect.Method.invoke(Method.java:568)
	at org.testng.internal.invokers.MethodInvocationHelper.invokeMethod(MethodInvocationHelper.java:141)
	at org.testng.internal.invokers.TestInvoker.invokeMethod(TestInvoker.java:687)
	at org.testng.internal.invokers.TestInvoker.invokeTestMethod(TestInvoker.java:230)
	at org.testng.internal.invokers.MethodRunner.runInSequence(MethodRunner.java:63)
	at org.testng.internal.invokers.TestInvoker$MethodInvocationAgent.invoke(TestInvoker.java:995)
	at org.testng.internal.invokers.TestInvoker.invokeTestMethods(TestInvoker.java:203)
	at org.testng.internal.invokers.TestMethodWorker.invokeTestMethods(TestMethodWorker.java:154)
	at org.testng.internal.invokers.TestMethodWorker.run(TestMethodWorker.java:134)
	at java.base/java.util.ArrayList.forEach(ArrayList.java:1511)
	at org.testng.TestRunner.privateRun(TestRunner.java:741)
	at org.testng.TestRunner.run(TestRunner.java:616)
	at org.testng.SuiteRunner.runTest(SuiteRunner.java:421)
	at org.testng.SuiteRunner.runSequentially(SuiteRunner.java:413)
	at org.testng.SuiteRunner.privateRun(SuiteRunner.java:373)
	at org.testng.SuiteRunner.run(SuiteRunner.java:312)
	at org.testng.SuiteRunnerWorker.runSuite(SuiteRunnerWorker.java:52)
	at org.testng.SuiteRunnerWorker.run(SuiteRunnerWorker.java:95)
	at org.testng.TestNG.runSuitesSequentially(TestNG.java:1274)
	at org.testng.TestNG.runSuitesLocally(TestNG.java:1208)
	at org.testng.TestNG.runSuites(TestNG.java:1112)
	at org.testng.TestNG.run(TestNG.java:1079)
	at org.apache.maven.surefire.testng.TestNGExecutor.run(TestNGExecutor.java:155)
	at org.apache.maven.surefire.testng.TestNGDirectoryTestSuite.executeMulti(TestNGDirectoryTestSuite.java:169)
	at org.apache.maven.surefire.testng.TestNGDirectoryTestSuite.execute(TestNGDirectoryTestSuite.java:88)
	at org.apache.maven.surefire.testng.TestNGProvider.invoke(TestNGProvider.java:137)
	at org.apache.maven.surefire.booter.ForkedBooter.runSuitesInProcess(ForkedBooter.java:385)
	at org.apache.maven.surefire.booter.ForkedBooter.execute(ForkedBooter.java:162)
	at org.apache.maven.surefire.booter.ForkedBooter.run(ForkedBooter.java:507)
	at org.apache.maven.surefire.booter.ForkedBooter.main(ForkedBooter.java:495)
Caused by: java.lang.NoSuchMethodException: stepDefinitions.LoginSteps.<init>()
	at java.base/java.lang.Class.getConstructor0(Class.java:3585)
	at java.base/java.lang.Class.getConstructor(Class.java:2271)
	at io.cucumber.core.backend.DefaultObjectFactory.cacheNewInstance(DefaultObjectFactory.java:52)
	... 50 more
]]></failure>
    <system-out><![CDATA[
@e2e @hiring @happy-path
&amp#27;[1mScenario:&amp#27;[22m Successfully hire a candidate through the recruitment workflow    &amp#27;[90m# ./src/test/resources/features/hiring_process.feature:13&amp#27;[39m
Test run Reference: 725010
Base Path: C:\Users\perci\OneDrive\Documents\personal_projects\portfolio\qa-portfolio\01_Web_Automation
Browser: firefox
  &amp#27;[31mâœ˜&amp#27;[39m &amp#27;[31m&amp#27;[1mGiven &amp#27;[22mthe admin user is logged into the system&amp#27;[39m                          &amp#27;[90m# stepDefinitions.LoginSteps.adminUserIsLoggedIn()&amp#27;[39m
        &amp#27;[31mio.cucumber.core.exception.CucumberException: class stepDefinitions.LoginSteps does not have a public zero-argument constructor.&amp#27;[39m
        &amp#27;[31m&amp#27;[39m
        &amp#27;[31mTo use dependency injection add an other ObjectFactory implementation such as:&amp#27;[39m
        &amp#27;[31m * cucumber-picocontainer&amp#27;[39m
        &amp#27;[31m * cucumber-spring&amp#27;[39m
        &amp#27;[31m * cucumber-jakarta-cdi&amp#27;[39m
        &amp#27;[31m * ...etc&amp#27;[39m
        &amp#27;[31m&amp#27;[39m
        &amp#27;[31m	at io.cucumber.core.backend.DefaultObjectFactory.cacheNewInstance(DefaultObjectFactory.java:57)&amp#27;[39m
        &amp#27;[31m	at io.cucumber.core.backend.DefaultObjectFactory.getInstance(DefaultObjectFactory.java:45)&amp#27;[39m
        &amp#27;[31m	at io.cucumber.java.AbstractGlueDefinition.invokeMethod(AbstractGlueDefinition.java:47)&amp#27;[39m
        &amp#27;[31m	at io.cucumber.java.JavaStepDefinition.execute(JavaStepDefinition.java:29)&amp#27;[39m
        &amp#27;[31m	at io.cucumber.core.runner.CoreStepDefinition.execute(CoreStepDefinition.java:66)&amp#27;[39m
        &amp#27;[31m	at io.cucumber.core.runner.PickleStepDefinitionMatch.runStep(PickleStepDefinitionMatch.java:62)&amp#27;[39m
        &amp#27;[31m	at io.cucumber.core.runner.ExecutionMode$1.execute(ExecutionMode.java:10)&amp#27;[39m
        &amp#27;[31m	at io.cucumber.core.runner.TestStep.executeStep(TestStep.java:81)&amp#27;[39m
        &amp#27;[31m	at io.cucumber.core.runner.TestStep.run(TestStep.java:53)&amp#27;[39m
        &amp#27;[31m	at io.cucumber.core.runner.PickleStepTestStep.run(PickleStepTestStep.java:51)&amp#27;[39m
        &amp#27;[31m	at io.cucumber.core.runner.TestCase.run(TestCase.java:87)&amp#27;[39m
        &amp#27;[31m	at io.cucumber.core.runner.Runner.runPickle(Runner.java:78)&amp#27;[39m
        &amp#27;[31m	at io.cucumber.testng.TestNGCucumberRunner.lambda$runScenario$1(TestNGCucumberRunner.java:135)&amp#27;[39m
        &amp#27;[31m	at io.cucumber.core.runtime.CucumberExecutionContext.lambda$runTestCase$5(CucumberExecutionContext.java:136)&amp#27;[39m
        &amp#27;[31m	at io.cucumber.core.runtime.RethrowingThrowableCollector.executeAndThrow(RethrowingThrowableCollector.java:23)&amp#27;[39m
        &amp#27;[31m	at io.cucumber.core.runtime.CucumberExecutionContext.runTestCase(CucumberExecutionContext.java:136)&amp#27;[39m
        &amp#27;[31m	at io.cucumber.testng.TestNGCucumberRunner.runScenario(TestNGCucumberRunner.java:132)&amp#27;[39m
        &amp#27;[31m	at io.cucumber.testng.AbstractTestNGCucumberTests.runScenario(AbstractTestNGCucumberTests.java:35)&amp#27;[39m
        &amp#27;[31m	at java.base/jdk.internal.reflect.NativeMethodAccessorImpl.invoke0(Native Method)&amp#27;[39m
        &amp#27;[31m	at java.base/jdk.internal.reflect.NativeMethodAccessorImpl.invoke(NativeMethodAccessorImpl.java:77)&amp#27;[39m
        &amp#27;[31m	at java.base/jdk.internal.reflect.DelegatingMethodAccessorImpl.invoke(DelegatingMethodAccessorImpl.java:43)&amp#27;[39m
        &amp#27;[31m	at java.base/java.lang.reflect.Method.invoke(Method.java:568)&amp#27;[39m
        &amp#27;[31m	at org.testng.internal.invokers.MethodInvocationHelper.invokeMethod(MethodInvocationHelper.java:141)&amp#27;[39m
        &amp#27;[31m	at org.testng.internal.invokers.TestInvoker.invokeMethod(TestInvoker.java:687)&amp#27;[39m
        &amp#27;[31m	at org.testng.internal.invokers.TestInvoker.invokeTestMethod(TestInvoker.java:230)&amp#27;[39m
        &amp#27;[31m	at org.testng.internal.invokers.MethodRunner.runInSequence(MethodRunner.java:63)&amp#27;[39m
        &amp#27;[31m	at org.testng.internal.invokers.TestInvoker$MethodInvocationAgent.invoke(TestInvoker.java:995)&amp#27;[39m
        &amp#27;[31m	at org.testng.internal.invokers.TestInvoker.invokeTestMethods(TestInvoker.java:203)&amp#27;[39m
        &amp#27;[31m	at org.testng.internal.invokers.TestMethodWorker.invokeTestMethods(TestMethodWorker.java:154)&amp#27;[39m
        &amp#27;[31m	at org.testng.internal.invokers.TestMethodWorker.run(TestMethodWorker.java:134)&amp#27;[39m
        &amp#27;[31m	at java.base/java.util.ArrayList.forEach(ArrayList.java:1511)&amp#27;[39m
        &amp#27;[31m	at org.testng.TestRunner.privateRun(TestRunner.java:741)&amp#27;[39m
        &amp#27;[31m	at org.testng.TestRunner.run(TestRunner.java:616)&amp#27;[39m
        &amp#27;[31m	at org.testng.SuiteRunner.runTest(SuiteRunner.java:421)&amp#27;[39m
        &amp#27;[31m	at org.testng.SuiteRunner.runSequentially(SuiteRunner.java:413)&amp#27;[39m
        &amp#27;[31m	at org.testng.SuiteRunner.privateRun(SuiteRunner.java:373)&amp#27;[39m
        &amp#27;[31m	at org.testng.SuiteRunner.run(SuiteRunner.java:312)&amp#27;[39m
        &amp#27;[31m	at org.testng.SuiteRunnerWorker.runSuite(SuiteRunnerWorker.java:52)&amp#27;[39m
        &amp#27;[31m	at org.testng.SuiteRunnerWorker.run(SuiteRunnerWorker.java:95)&amp#27;[39m
        &amp#27;[31m	at org.testng.TestNG.runSuitesSequentially(TestNG.java:1274)&amp#27;[39m
        &amp#27;[31m	at org.testng.TestNG.runSuitesLocally(TestNG.java:1208)&amp#27;[39m
        &amp#27;[31m	at org.testng.TestNG.runSuites(TestNG.java:1112)&amp#27;[39m
        &amp#27;[31m	at org.testng.TestNG.run(TestNG.java:1079)&amp#27;[39m
        &amp#27;[31m	at org.apache.maven.surefire.testng.TestNGExecutor.run(TestNGExecutor.java:155)&amp#27;[39m
        &amp#27;[31m	at org.apache.maven.surefire.testng.TestNGDirectoryTestSuite.executeMulti(TestNGDirectoryTestSuite.java:169)&amp#27;[39m
        &amp#27;[31m	at org.apache.maven.surefire.testng.TestNGDirectoryTestSuite.execute(TestNGDirectoryTestSuite.java:88)&amp#27;[39m
        &amp#27;[31m	at org.apache.maven.surefire.testng.TestNGProvider.invoke(TestNGProvider.java:137)&amp#27;[39m
        &amp#27;[31m	at org.apache.maven.surefire.booter.ForkedBooter.runSuitesInProcess(ForkedBooter.java:385)&amp#27;[39m
        &amp#27;[31m	at org.apache.maven.surefire.booter.ForkedBooter.execute(ForkedBooter.java:162)&amp#27;[39m
        &amp#27;[31m	at org.apache.maven.surefire.booter.ForkedBooter.run(ForkedBooter.java:507)&amp#27;[39m
        &amp#27;[31m	at org.apache.maven.surefire.booter.ForkedBooter.main(ForkedBooter.java:495)&amp#27;[39m
        &amp#27;[31mCaused by: java.lang.NoSuchMethodException: stepDefinitions.LoginSteps.<init>()&amp#27;[39m
        &amp#27;[31m	at java.base/java.lang.Class.getConstructor0(Class.java:3585)&amp#27;[39m
        &amp#27;[31m	at java.base/java.lang.Class.getConstructor(Class.java:2271)&amp#27;[39m
        &amp#27;[31m	at io.cucumber.core.backend.DefaultObjectFactory.cacheNewInstance(DefaultObjectFactory.java:52)&amp#27;[39m
        &amp#27;[31m	... 50 more&amp#27;[39m
  &amp#27;[36mâ†·&amp#27;[39m &amp#27;[36m&amp#27;[1mAnd &amp#27;[22mthe admin creates a admin user&amp#27;[39m                                      &amp#27;[90m# stepDefinitions.AdminUserSteps.createAdminUser()&amp#27;[39m
  &amp#27;[36mâ†·&amp#27;[39m &amp#27;[36m&amp#27;[1mAnd &amp#27;[22mthe user logs out&amp#27;[39m                                                   &amp#27;[90m# stepDefinitions.LogoutSteps.logout()&amp#27;[39m
  &amp#27;[36mâ†·&amp#27;[39m &amp#27;[36m&amp#27;[1mAnd &amp#27;[22mthe created admin user is logged into the system&amp#27;[39m                    &amp#27;[90m# stepDefinitions.LoginSteps.createdAdminUserIsLoggedIn()&amp#27;[39m
  &amp#27;[36mâ†·&amp#27;[39m &amp#27;[36m&amp#27;[1mWhen &amp#27;[22mthe admin creates a job title&amp#27;[39m                                      &amp#27;[90m# stepDefinitions.AdminJobSetupSteps.createJobTitle()&amp#27;[39m
  &amp#27;[36mâ†·&amp#27;[39m &amp#27;[36m&amp#27;[1mAnd &amp#27;[22mthe admin creates a vacancy&amp#27;[39m                                         &amp#27;[90m# stepDefinitions.VacancySteps.createVacancy()&amp#27;[39m
  &amp#27;[36mâ†·&amp#27;[39m &amp#27;[36m&amp#27;[1mAnd &amp#27;[22mthe admin adds a candidate&amp#27;[39m                                          &amp#27;[90m# stepDefinitions.CandidateSteps.addCandidate()&amp#27;[39m
  &amp#27;[36mâ†·&amp#27;[39m &amp#27;[36m&amp#27;[1mThen &amp#27;[22mthe candidate application status should be &amp#27;[1m"Application Initiated"&amp#27;[22m&amp#27;[39m &amp#27;[90m# stepDefinitions.CandidateStatusSteps.candidateApplicationStatus(java.lang.String)&amp#27;[39m
  &amp#27;[36mâ†·&amp#27;[39m &amp#27;[36m&amp#27;[1mWhen &amp#27;[22mthe candidate is shortlisted&amp#27;[39m                                       &amp#27;[90m# stepDefinitions.CandidateLifecycleSteps.shortlistCandidate()&amp#27;[39m
  &amp#27;[36mâ†·&amp#27;[39m &amp#27;[36m&amp#27;[1mThen &amp#27;[22mthe candidate application status should be &amp#27;[1m"Shortlisted"&amp#27;[22m&amp#27;[39m           &amp#27;[90m# stepDefinitions.CandidateStatusSteps.candidateApplicationStatus(java.lang.String)&amp#27;[39m
  &amp#27;[36mâ†·&amp#27;[39m &amp#27;[36m&amp#27;[1mWhen &amp#27;[22mthe interview is scheduled for the candidate&amp#27;[39m                       &amp#27;[90m# stepDefinitions.CandidateLifecycleSteps.scheduleInterview()&amp#27;[39m
  &amp#27;[36mâ†·&amp#27;[39m &amp#27;[36m&amp#27;[1mThen &amp#27;[22mthe candidate application status should be &amp#27;[1m"Interview Scheduled"&amp#27;[22m&amp#27;[39m   &amp#27;[90m# stepDefinitions.CandidateStatusSteps.candidateApplicationStatus(java.lang.String)&amp#27;[39m
  &amp#27;[36mâ†·&amp#27;[39m &amp#27;[36m&amp#27;[1mWhen &amp#27;[22mthe interview is marked as passed&amp#27;[39m                                  &amp#27;[90m# stepDefinitions.CandidateLifecycleSteps.markInterviewPassed()&amp#27;[39m
  &amp#27;[36mâ†·&amp#27;[39m &amp#27;[36m&amp#27;[1mThen &amp#27;[22mthe candidate application status should be &amp#27;[1m"Interview Passed"&amp#27;[22m&amp#27;[39m      &amp#27;[90m# stepDefinitions.CandidateStatusSteps.candidateApplicationStatus(java.lang.String)&amp#27;[39m
  &amp#27;[36mâ†·&amp#27;[39m &amp#27;[36m&amp#27;[1mWhen &amp#27;[22mthe job is offered to the candidate&amp#27;[39m                                &amp#27;[90m# stepDefinitions.CandidateLifecycleSteps.offerJob()&amp#27;[39m
  &amp#27;[36mâ†·&amp#27;[39m &amp#27;[36m&amp#27;[1mThen &amp#27;[22mthe candidate application status should be &amp#27;[1m"Job Offered"&amp#27;[22m&amp#27;[39m           &amp#27;[90m# stepDefinitions.CandidateStatusSteps.candidateApplicationStatus(java.lang.String)&amp#27;[39m
  &amp#27;[36mâ†·&amp#27;[39m &amp#27;[36m&amp#27;[1mWhen &amp#27;[22mthe candidate is hired&amp#27;[39m                                             &amp#27;[90m# stepDefinitions.CandidateLifecycleSteps.hireCandidate()&amp#27;[39m
  &amp#27;[36mâ†·&amp#27;[39m &amp#27;[36m&amp#27;[1mThen &amp#27;[22mthe candidate application status should be &amp#27;[1m"Hired"&amp#27;[22m&amp#27;[39m                 &amp#27;[90m# stepDefinitions.CandidateStatusSteps.candidateApplicationStatus(java.lang.String)&amp#27;[39m
  &amp#27;[36mâ†·&amp#27;[39m &amp#27;[36m&amp#27;[1mAnd &amp#27;[22mthe user logs out&amp#27;[39m                                                   &amp#27;[90m# stepDefinitions.LogoutSteps.logout()&amp#27;[39m
]]></system-out>
    <system-err><![CDATA[SLF4J(W): No SLF4J providers were found.
SLF4J(W): Defaulting to no-operation (NOP) logger implementation
SLF4J(W): See https://www.slf4j.org/codes.html#noProviders for further details.
]]></system-err>
  </testcase>
</testsuite>