<?xml version="1.0" encoding="UTF-8"?>
<testng-results ignored="0" total="1" passed="1" failed="0" skipped="0">
  <reporter-output>
  </reporter-output>
  <suite started-at="2026-02-19T16:22:10 SAST" name="Surefire suite" finished-at="2026-02-19T16:24:24 SAST" duration-ms="134749">
    <groups>
      <group name="cucumber">
        <method signature="AbstractTestNGCucumberTests.runScenario(io.cucumber.testng.PickleWrapper,io.cucumber.testng.FeatureWrapper)[pri:0, instance:runners.TestRunner@2ef3eef9]" name="runScenario" class="io.cucumber.testng.AbstractTestNGCucumberTests"/>
      </group> <!-- cucumber -->
    </groups>
    <test started-at="2026-02-19T16:22:10 SAST" name="Surefire test" finished-at="2026-02-19T16:24:24 SAST" duration-ms="134749">
      <class name="runners.TestRunner">
        <test-method is-config="true" signature="setUpClass(org.testng.ITestContext)[pri:0, instance:runners.TestRunner@2ef3eef9]" started-at="2026-02-19T16:22:10 SAST" name="setUpClass" finished-at="2026-02-19T16:22:10 SAST" duration-ms="576" status="PASS">
          <params>
            <param index="0">
              <value>
                <![CDATA[org.testng.TestRunner@1aa21319]]>
              </value>
            </param>
          </params>
          <reporter-output>
          </reporter-output>
        </test-method> <!-- setUpClass -->
        <test-method signature="runScenario(io.cucumber.testng.PickleWrapper,io.cucumber.testng.FeatureWrapper)[pri:0, instance:runners.TestRunner@2ef3eef9]" started-at="2026-02-19T16:22:10 SAST" name="runScenario" description="Runs Cucumber Scenarios" data-provider="scenarios" finished-at="2026-02-19T16:24:24 SAST" duration-ms="133657" status="PASS">
          <params>
            <param index="0">
              <value>
                <![CDATA["Successfully hire a candidate through the recruitment workflow"]]>
              </value>
            </param>
            <param index="1">
              <value>
                <![CDATA["End-to-End Hiring Process"]]>
              </value>
            </param>
          </params>
          <reporter-output>
          </reporter-output>
        </test-method> <!-- runScenario -->
        <test-method is-config="true" signature="tearDownClass()[pri:0, instance:runners.TestRunner@2ef3eef9]" started-at="2026-02-19T16:24:24 SAST" name="tearDownClass" finished-at="2026-02-19T16:24:24 SAST" duration-ms="403" status="PASS">
          <reporter-output>
          </reporter-output>
        </test-method> <!-- tearDownClass -->
      </class> <!-- runners.TestRunner -->
    </test> <!-- Surefire test -->
  </suite> <!-- Surefire suite -->
</testng-results>
