<?xml version="1.0" encoding="UTF-8"?>
<testsuite xmlns:xsi="http://www.w3.org/2001/XMLSchema-instance" xsi:noNamespaceSchemaLocation="https://maven.apache.org/surefire/maven-surefire-plugin/xsd/surefire-test-report-3.0.xsd" version="3.0" name="testRunner.TestRunner" time="115.162" tests="3" errors="0" skipped="0" failures="0">
  <properties>
[...]
</properties>
  <testcase name="runScenario[&quot;Successful login with valid credentials&quot;, &quot;Login functionality for OrangeHRM&quot;](1)" classname="testRunner.TestRunner" time="35.312">
    <system-out><![CDATA[
@Smoke @Positive
&amp#27;[1mScenario:&amp#27;[22m Successful login with valid credentials                     &amp#27;[90m# ./src/test/resources/features/login_feature.feature:7&amp#27;[39m
Base Path: C:\Users\perci\OneDrive\Documents\personal_projects\portfolio\qa-portfolio\01_Web_Automation
Browser: firefox
  &amp#27;[32mâœ”&amp#27;[39m &amp#27;[32m&amp#27;[1mGiven &amp#27;[22mthe user is on the OrangeHRM login page&amp#27;[39m                     &amp#27;[90m# stepDefinitions.LoginSteps.openOrangeORMLoginPage()&amp#27;[39m
  &amp#27;[32mâœ”&amp#27;[39m &amp#27;[32m&amp#27;[1mWhen &amp#27;[22mthe user enters the username &amp#27;[1m"Admin"&amp#27;[22m and password &amp#27;[1m"admin123"&amp#27;[22m&amp#27;[39m &amp#27;[90m# stepDefinitions.LoginSteps.theUserEntersTheUsernameAndPassword(java.lang.String,java.lang.String)&amp#27;[39m
  &amp#27;[32mâœ”&amp#27;[39m &amp#27;[32m&amp#27;[1mAnd &amp#27;[22mclicks on the login button&amp#27;[39m                                    &amp#27;[90m# stepDefinitions.LoginSteps.clicksOnTheLoginButton()&amp#27;[39m
  &amp#27;[32mâœ”&amp#27;[39m &amp#27;[32m&amp#27;[1mThen &amp#27;[22mthe user should be directed to the Dashboard page&amp#27;[39m            &amp#27;[90m# stepDefinitions.LoginSteps.theUserShouldBeDirectedToTheDashboardPage()&amp#27;[39m
  &amp#27;[32mâœ”&amp#27;[39m &amp#27;[32m&amp#27;[1mAnd &amp#27;[22mthe title of the page should be OrangeHRM&amp#27;[39m                     &amp#27;[90m# stepDefinitions.LoginSteps.theTitleOfThePageShouldBeOrangeHRM()&amp#27;[39m
]]></system-out>
    <system-err><![CDATA[SLF4J(W): No SLF4J providers were found.
SLF4J(W): Defaulting to no-operation (NOP) logger implementation
SLF4J(W): See https://www.slf4j.org/codes.html#noProviders for further details.
]]></system-err>
  </testcase>
  <testcase name="runScenario[&quot;Unsuccessful login with invalid details&quot;, &quot;Login functionality for OrangeHRM&quot;](2)" classname="testRunner.TestRunner" time="24.012">
    <system-out><![CDATA[
@Negative
&amp#27;[1mScenario:&amp#27;[22m Unsuccessful login with invalid details                          &amp#27;[90m# ./src/test/resources/features/login_feature.feature:15&amp#27;[39m
Base Path: C:\Users\perci\OneDrive\Documents\personal_projects\portfolio\qa-portfolio\01_Web_Automation
Browser: firefox
  &amp#27;[32mâœ”&amp#27;[39m &amp#27;[32m&amp#27;[1mGiven &amp#27;[22mthe user is on the OrangeHRM login page&amp#27;[39m                          &amp#27;[90m# stepDefinitions.LoginSteps.openOrangeORMLoginPage()&amp#27;[39m
  &amp#27;[32mâœ”&amp#27;[39m &amp#27;[32m&amp#27;[1mWhen &amp#27;[22mthe user enters the username &amp#27;[1m"Admin"&amp#27;[22m and password &amp#27;[1m"wrongpassword"&amp#27;[22m&amp#27;[39m &amp#27;[90m# stepDefinitions.LoginSteps.theUserEntersTheUsernameAndPassword(java.lang.String,java.lang.String)&amp#27;[39m
  &amp#27;[32mâœ”&amp#27;[39m &amp#27;[32m&amp#27;[1mAnd &amp#27;[22mclicks on the login button&amp#27;[39m                                         &amp#27;[90m# stepDefinitions.LoginSteps.clicksOnTheLoginButton()&amp#27;[39m
  &amp#27;[32mâœ”&amp#27;[39m &amp#27;[32m&amp#27;[1mThen &amp#27;[22man error message &amp#27;[1m"invalid credentials"&amp#27;[22m should be displayed&amp#27;[39m        &amp#27;[90m# stepDefinitions.LoginSteps.displayError(java.lang.String)&amp#27;[39m
]]></system-out>
  </testcase>
  <testcase name="runScenario[&quot;Verify logout functionality&quot;, &quot;Login functionality for OrangeHRM&quot;](3)" classname="testRunner.TestRunner" time="54.477">
    <system-out><![CDATA[
@Smoke
&amp#27;[1mScenario:&amp#27;[22m Verify logout functionality                    &amp#27;[90m# ./src/test/resources/features/login_feature.feature:23&amp#27;[39m
Base Path: C:\Users\perci\OneDrive\Documents\personal_projects\portfolio\qa-portfolio\01_Web_Automation
Browser: firefox
  &amp#27;[32mâœ”&amp#27;[39m &amp#27;[32m&amp#27;[1mGiven &amp#27;[22mthe user is Logged in successfully&amp#27;[39m             &amp#27;[90m# stepDefinitions.LoginSteps.theUserIsLoggedInSuccessfully()&amp#27;[39m
  &amp#27;[32mâœ”&amp#27;[39m &amp#27;[32m&amp#27;[1mWhen &amp#27;[22mthe user clicks on the profile dropdown&amp#27;[39m         &amp#27;[90m# stepDefinitions.LoginSteps.theUserClicksOnTheProfileDropdown()&amp#27;[39m
  &amp#27;[32mâœ”&amp#27;[39m &amp#27;[32m&amp#27;[1mAnd &amp#27;[22mselects the Logout option&amp#27;[39m                        &amp#27;[90m# stepDefinitions.LoginSteps.selectsTheLogoutOption()&amp#27;[39m
  &amp#27;[32mâœ”&amp#27;[39m &amp#27;[32m&amp#27;[1mThen &amp#27;[22mthe user should be redirected to the login page&amp#27;[39m &amp#27;[90m# stepDefinitions.LoginSteps.theUserShouldBeRedirectedToTheLoginPage()&amp#27;[39m
  &amp#27;[32mâœ”&amp#27;[39m &amp#27;[32m&amp#27;[1mAnd &amp#27;[22mthe login form should be visible&amp#27;[39m                 &amp#27;[90m# stepDefinitions.LoginSteps.theLoginFormShouldBeVisible()&amp#27;[39m
]]></system-out>
  </testcase>
</testsuite>