<?xml version="1.0" encoding="UTF-8"?>
<testsuite xmlns:xsi="http://www.w3.org/2001/XMLSchema-instance" xsi:noNamespaceSchemaLocation="https://maven.apache.org/surefire/maven-surefire-plugin/xsd/surefire-test-report-3.0.xsd" version="3.0" name="TestSuite" time="111.304" tests="1" errors="0" skipped="0" failures="1">
  <properties>
[...]
</properties>
  <testcase name="runScenario[&quot;Successfully hire a candidate through the recruitment workflow&quot;, &quot;End-to-End Hiring Process&quot;](1)" classname="runners.TestRunner" time="109.567">
    <failure message="Expected condition failed: waiting for visibility of element located by By.xpath: //div[oxd-select-dropdown]//div[oxd-select-option][normalize-space()=&apos;some title&apos;] (tried for 10 second(s) with 500 milliseconds interval)&#10;Build info: version: &apos;4.38.0&apos;, revision: &apos;6b412e825c*&apos;&#10;System info: os.name: &apos;Windows 11&apos;, os.arch: &apos;amd64&apos;, os.version: &apos;10.0&apos;, java.version: &apos;17.0.10&apos;&#10;Driver info: org.openqa.selenium.firefox.FirefoxDriver&#10;Capabilities {acceptInsecureCerts: true, browserName: firefox, browserVersion: 147.0.3, moz:accessibilityChecks: false, moz:buildID: 20260203002554, moz:geckodriverVersion: 0.36.0, moz:headless: false, moz:platformVersion: 10.0, moz:processID: 11464, moz:profile: C:\Users\perci\AppData\Loca..., moz:shutdownTimeout: 60000, moz:webdriverClick: true, moz:windowless: false, pageLoadStrategy: normal, platformName: windows, proxy: Proxy(), setWindowRect: true, strictFileInteractability: false, timeouts: {implicit: 0, pageLoad: 300000, script: 30000}, unhandledPromptBehavior: dismiss and notify, userAgent: Mozilla/5.0 (Windows NT 10....}&#10;Session ID: e1318853-e7bf-4d94-b358-c0e5a30904de" type="org.openqa.selenium.TimeoutException"><![CDATA[org.openqa.selenium.TimeoutException: 
Expected condition failed: waiting for visibility of element located by By.xpath: //div[oxd-select-dropdown]//div[oxd-select-option][normalize-space()='some title'] (tried for 10 second(s) with 500 milliseconds interval)
Build info: version: '4.38.0', revision: '6b412e825c*'
System info: os.name: 'Windows 11', os.arch: 'amd64', os.version: '10.0', java.version: '17.0.10'
Driver info: org.openqa.selenium.firefox.FirefoxDriver
Capabilities {acceptInsecureCerts: true, browserName: firefox, browserVersion: 147.0.3, moz:accessibilityChecks: false, moz:buildID: 20260203002554, moz:geckodriverVersion: 0.36.0, moz:headless: false, moz:platformVersion: 10.0, moz:processID: 11464, moz:profile: C:\Users\perci\AppData\Loca..., moz:shutdownTimeout: 60000, moz:webdriverClick: true, moz:windowless: false, pageLoadStrategy: normal, platformName: windows, proxy: Proxy(), setWindowRect: true, strictFileInteractability: false, timeouts: {implicit: 0, pageLoad: 300000, script: 30000}, unhandledPromptBehavior: dismiss and notify, userAgent: Mozilla/5.0 (Windows NT 10....}
Session ID: e1318853-e7bf-4d94-b358-c0e5a30904de
	at org.openqa.selenium.support.ui.WebDriverWait.timeoutException(WebDriverWait.java:84)
	at org.openqa.selenium.support.ui.FluentWait.until(FluentWait.java:228)
	at utils.DriverFactory.findBy(DriverFactory.java:132)
	at pages.RecruitmentAddVacancyPage.getSelectOption(RecruitmentAddVacancyPage.java:49)
	at pages.RecruitmentAddVacancyPage.createVacancy(RecruitmentAddVacancyPage.java:34)
	at stepDefinitions.VacancySteps.createVacancy(VacancySteps.java:27)
	at ✽.the admin creates a vacancy(file:///C:/Users/perci/OneDrive/Documents/personal_projects/portfolio/qa-portfolio/01_Web_Automation/./src/test/resources/features/hiring_process.feature:13)
]]></failure>
    <system-out><![CDATA[
@e2e @hiring @happy-path
&amp#27;[1mScenario:&amp#27;[22m Successfully hire a candidate through the recruitment workflow    &amp#27;[90m# ./src/test/resources/features/hiring_process.feature:10&amp#27;[39m
Base Path: C:\Users\perci\OneDrive\Documents\personal_projects\portfolio\qa-portfolio\01_Web_Automation
Browser: firefox
  &amp#27;[32mâœ”&amp#27;[39m &amp#27;[32m&amp#27;[1mGiven &amp#27;[22mthe admin user is logged into the system&amp#27;[39m                          &amp#27;[90m# stepDefinitions.LoginSteps.adminUserIsLoggedIn()&amp#27;[39m
  &amp#27;[32mâœ”&amp#27;[39m &amp#27;[32m&amp#27;[1mWhen &amp#27;[22mthe admin creates a job category &amp#27;[1m"Engineering"&amp#27;[22m&amp#27;[39m                     &amp#27;[90m# stepDefinitions.AdminJobSetupSteps.createJobCategory(java.lang.String)&amp#27;[39m
  &amp#27;[32mâœ”&amp#27;[39m &amp#27;[32m&amp#27;[1mAnd &amp#27;[22mthe admin creates a job title &amp#27;[1m"Senior QA Engineer"&amp#27;[22m&amp#27;[39m                  &amp#27;[90m# stepDefinitions.AdminJobSetupSteps.createJobTitle(java.lang.String)&amp#27;[39m
  &amp#27;[31mâœ˜&amp#27;[39m &amp#27;[31m&amp#27;[1mAnd &amp#27;[22mthe admin creates a vacancy&amp#27;[39m                                         &amp#27;[90m# stepDefinitions.VacancySteps.createVacancy()&amp#27;[39m
        &amp#27;[31morg.openqa.selenium.TimeoutException: Expected condition failed: waiting for visibility of element located by By.xpath: //div[oxd-select-dropdown]//div[oxd-select-option][normalize-space()='some title'] (tried for 10 second(s) with 500 milliseconds interval)&amp#27;[39m
        &amp#27;[31mBuild info: version: '4.38.0', revision: '6b412e825c*'&amp#27;[39m
        &amp#27;[31mSystem info: os.name: 'Windows 11', os.arch: 'amd64', os.version: '10.0', java.version: '17.0.10'&amp#27;[39m
        &amp#27;[31mDriver info: org.openqa.selenium.firefox.FirefoxDriver&amp#27;[39m
        &amp#27;[31mCapabilities {acceptInsecureCerts: true, browserName: firefox, browserVersion: 147.0.3, moz:accessibilityChecks: false, moz:buildID: 20260203002554, moz:geckodriverVersion: 0.36.0, moz:headless: false, moz:platformVersion: 10.0, moz:processID: 11464, moz:profile: C:\Users\perci\AppData\Loca..., moz:shutdownTimeout: 60000, moz:webdriverClick: true, moz:windowless: false, pageLoadStrategy: normal, platformName: windows, proxy: Proxy(), setWindowRect: true, strictFileInteractability: false, timeouts: {implicit: 0, pageLoad: 300000, script: 30000}, unhandledPromptBehavior: dismiss and notify, userAgent: Mozilla/5.0 (Windows NT 10....}&amp#27;[39m
        &amp#27;[31mSession ID: e1318853-e7bf-4d94-b358-c0e5a30904de&amp#27;[39m
        &amp#27;[31m	at org.openqa.selenium.support.ui.WebDriverWait.timeoutException(WebDriverWait.java:84)&amp#27;[39m
        &amp#27;[31m	at org.openqa.selenium.support.ui.FluentWait.until(FluentWait.java:228)&amp#27;[39m
        &amp#27;[31m	at utils.DriverFactory.findBy(DriverFactory.java:132)&amp#27;[39m
        &amp#27;[31m	at pages.RecruitmentAddVacancyPage.getSelectOption(RecruitmentAddVacancyPage.java:49)&amp#27;[39m
        &amp#27;[31m	at pages.RecruitmentAddVacancyPage.createVacancy(RecruitmentAddVacancyPage.java:34)&amp#27;[39m
        &amp#27;[31m	at stepDefinitions.VacancySteps.createVacancy(VacancySteps.java:27)&amp#27;[39m
        &amp#27;[31m	at âœ½.the admin creates a vacancy(file:///C:/Users/perci/OneDrive/Documents/personal_projects/portfolio/qa-portfolio/01_Web_Automation/./src/test/resources/features/hiring_process.feature:13)&amp#27;[39m
  &amp#27;[36mâ†·&amp#27;[39m &amp#27;[36m&amp#27;[1mAnd &amp#27;[22mthe admin adds a candidate&amp#27;[39m                                          &amp#27;[90m# stepDefinitions.CandidateSteps.addCandidate()&amp#27;[39m
  &amp#27;[36mâ†·&amp#27;[39m &amp#27;[36m&amp#27;[1mThen &amp#27;[22mthe candidate application status should be &amp#27;[1m"Application Initiated"&amp#27;[22m&amp#27;[39m &amp#27;[90m# stepDefinitions.CandidateStatusSteps.candidateApplicationStatus(java.lang.String)&amp#27;[39m
  &amp#27;[36mâ†·&amp#27;[39m &amp#27;[36m&amp#27;[1mWhen &amp#27;[22mthe interview is scheduled for the candidate&amp#27;[39m                       &amp#27;[90m# stepDefinitions.CandidateLifecycleSteps.scheduleInterview()&amp#27;[39m
  &amp#27;[36mâ†·&amp#27;[39m &amp#27;[36m&amp#27;[1mThen &amp#27;[22mthe candidate application status should be &amp#27;[1m"Interview Scheduled"&amp#27;[22m&amp#27;[39m   &amp#27;[90m# stepDefinitions.CandidateStatusSteps.candidateApplicationStatus(java.lang.String)&amp#27;[39m
  &amp#27;[36mâ†·&amp#27;[39m &amp#27;[36m&amp#27;[1mWhen &amp#27;[22mthe interview is marked as passed&amp#27;[39m                                  &amp#27;[90m# stepDefinitions.CandidateLifecycleSteps.markInterviewPassed()&amp#27;[39m
  &amp#27;[36mâ†·&amp#27;[39m &amp#27;[36m&amp#27;[1mThen &amp#27;[22mthe candidate application status should be &amp#27;[1m"Interview Passed"&amp#27;[22m&amp#27;[39m      &amp#27;[90m# stepDefinitions.CandidateStatusSteps.candidateApplicationStatus(java.lang.String)&amp#27;[39m
  &amp#27;[36mâ†·&amp#27;[39m &amp#27;[36m&amp#27;[1mWhen &amp#27;[22mthe job is offered to the candidate&amp#27;[39m                                &amp#27;[90m# stepDefinitions.CandidateLifecycleSteps.offerJob()&amp#27;[39m
  &amp#27;[36mâ†·&amp#27;[39m &amp#27;[36m&amp#27;[1mThen &amp#27;[22mthe candidate application status should be &amp#27;[1m"Job Offered"&amp#27;[22m&amp#27;[39m           &amp#27;[90m# stepDefinitions.CandidateStatusSteps.candidateApplicationStatus(java.lang.String)&amp#27;[39m
  &amp#27;[36mâ†·&amp#27;[39m &amp#27;[36m&amp#27;[1mWhen &amp#27;[22mthe candidate is hired&amp#27;[39m                                             &amp#27;[90m# stepDefinitions.CandidateLifecycleSteps.hireCandidate()&amp#27;[39m
  &amp#27;[36mâ†·&amp#27;[39m &amp#27;[36m&amp#27;[1mThen &amp#27;[22mthe candidate application status should be &amp#27;[1m"Hired"&amp#27;[22m&amp#27;[39m                 &amp#27;[90m# stepDefinitions.CandidateStatusSteps.candidateApplicationStatus(java.lang.String)&amp#27;[39m
  &amp#27;[36mâ†·&amp#27;[39m &amp#27;[36m&amp#27;[1mAnd &amp#27;[22mthe user logs out&amp#27;[39m                                                   &amp#27;[90m# stepDefinitions.LogoutSteps.logout()&amp#27;[39m
]]></system-out>
    <system-err><![CDATA[SLF4J(W): No SLF4J providers were found.
SLF4J(W): Defaulting to no-operation (NOP) logger implementation
SLF4J(W): See https://www.slf4j.org/codes.html#noProviders for further details.
]]></system-err>
  </testcase>
</testsuite>