<?xml version="1.0" encoding="UTF-8"?>
<!-- Generated by org.testng.reporters.JUnitReportReporter -->
<testsuite hostname="Percy" failures="0" tests="3" name="testRunner.TestRunner" time="113.673" errors="0" timestamp="2025-11-18T12:27:46 SAST" skipped="0">
  <testcase classname="testRunner.TestRunner" name="runScenario" time="54.478"/>
  <testcase classname="testRunner.TestRunner" name="runScenario" time="35.161"/>
  <testcase classname="testRunner.TestRunner" name="runScenario" time="24.034"/>
</testsuite> <!-- testRunner.TestRunner -->
